#
# A fatal error has been detected by the Java Runtime Environment:
#
#  Internal Error (0xc000000d), pid=8960, tid=9376
#
# JRE version: Java(TM) SE Runtime Environment (8.0_45-b15) (build 1.8.0_45-b15)
# Java VM: Java HotSpot(TM) 64-Bit Server VM (25.45-b02 mixed mode windows-amd64 compressed oops)
# Problematic frame:
# C  [ntdll.dll+0x95415]
#
# Failed to write core dump. Minidumps are not enabled by default on client versions of Windows
#
# If you would like to submit a bug report, please visit:
#   http://bugreport.java.com/bugreport/crash.jsp
#

---------------  T H R E A D  ---------------

Current thread (0x00000000067ce800):  VMThread [stack: 0x00000000036b0000,0x00000000037b0000] [id=9376]

siginfo: ExceptionCode=0xc000000d

Registers:
RAX=0x000000007693a909, RBX=0x0000000000000000, RCX=0x00000000037aed10, RDX=0x0000000000000000
RSP=0x00000000037af320, RBP=0x000000000922f390, RSI=0x000007fee2df7408, RDI=0x00000000037af468
R8 =0x0000000000000000, R9 =0x0000000000000000, R10=0x0000000000000000, R11=0x0000000000000246
R12=0x0000000000397d60, R13=0x0000000000397d30, R14=0x000000000922f498, R15=0x0000000000000000
RIP=0x00000000771c5415, EFLAGS=0x0000000000000206

Top of Stack: (sp=0x00000000037af320)
0x00000000037af320:   0000000000000000 000007fee2df7408
0x00000000037af330:   00000000037af468 0000000000000000
0x00000000037af340:   0000000000000050 00000000002a0000
0x00000000037af350:   0000000000000000 0000000000000000
0x00000000037af360:   0000000000000002 0000000077157974
0x00000000037af370:   00000000c000000d 0000000000000000
0x00000000037af380:   00000000771c5415 0000000000000000
0x00000000037af390:   0000000000000000 0000000000000000
0x00000000037af3a0:   0000000000000000 0000000000000000
0x00000000037af3b0:   0000000000000000 0000000000000000
0x00000000037af3c0:   0000000000000000 0000000000000000
0x00000000037af3d0:   0000000000000000 0000000000000000
0x00000000037af3e0:   0000000000000000 0000000000000000
0x00000000037af3f0:   0000000000000000 0000000000000000
0x00000000037af400:   0000000000000000 0000000000397d60
0x00000000037af410:   0000000000000cc0 0000000076f53458 

Instructions: (pc=0x00000000771c5415)
0x00000000771c53f5:   d7 4a fc ff b9 57 00 00 00 c7 44 24 50 0d 00 00
0x00000000771c5405:   c0 e8 75 74 fb ff 48 8d 4c 24 50 e8 db e5 fa ff
0x00000000771c5415:   4c 8b 1d 1c c2 09 00 4d 85 db 74 5b 65 48 8b 04
0x00000000771c5425:   25 30 00 00 00 f6 80 ee 17 00 00 08 74 12 65 48 


Register to memory mapping:

RAX=0x000000007693a909 is an unknown value
RBX=0x0000000000000000 is an unknown value
RCX=0x00000000037aed10 is an unknown value
RDX=0x0000000000000000 is an unknown value
RSP=0x00000000037af320 is an unknown value
RBP=0x000000000922f390 is an unknown value
RSI=0x000007fee2df7408 is an unknown value
RDI=0x00000000037af468 is an unknown value
R8 =0x0000000000000000 is an unknown value
R9 =0x0000000000000000 is an unknown value
R10=0x0000000000000000 is an unknown value
R11=0x0000000000000246 is an unknown value
R12=0x0000000000397d60 is an unknown value
R13=0x0000000000397d30 is an unknown value
R14=0x000000000922f498 is an unknown value
R15=0x0000000000000000 is an unknown value


Stack: [0x00000000036b0000,0x00000000037b0000],  sp=0x00000000037af320,  free space=1020k
Native frames: (J=compiled Java code, j=interpreted, Vv=VM code, C=native code)
C  [ntdll.dll+0x95415]
C  [kernel32.dll+0x43458]
C  [MSVCR110.dll+0x752d]
C  [MSVCR110.dll+0x73c6]
C  [MSVCR110.dll+0x14cca]
C  [MSVCR110.dll+0x13edc]
C  [MSVCR110.dll+0x239e]
C  [MSVCR110.dll+0xaf9e]
C  [MSVCP110.dll+0x397b9]
C  [librdi_common.dll+0x14283e]
C  [librdi_common.dll+0x141449]
C  0x000007feeea42400
C  0x000007feeea42682
C  [ntdll.dll+0x375eb]
C  [ntdll.dll+0x3c040]
C  [MSVCR100.dll+0x20ccd]
V  [jvm.dll+0x20f135]
V  [jvm.dll+0x247ef7]
V  [jvm.dll+0x247196]
V  [jvm.dll+0x247631]
V  [jvm.dll+0x24784e]
V  [jvm.dll+0x29853a]
C  [MSVCR100.dll+0x21d9f]
C  [MSVCR100.dll+0x21e3b]
C  [kernel32.dll+0x159cd]
C  [ntdll.dll+0x5383d]

VM_Operation (0x000000000012f500): Exit, mode: safepoint, requested by thread 0x0000000003f8e800


---------------  P R O C E S S  ---------------

Java Threads: ( => current thread )
  0x0000000008a71800 JavaThread "EventThread COM3" [_thread_blocked, id=10188, stack(0x000000000f320000,0x000000000f420000)]
  0x000000000d9be000 JavaThread "Thread-18" daemon [_thread_blocked, id=4180, stack(0x00000000276c0000,0x00000000277c0000)]
  0x000000000d9d6800 JavaThread "TCF Locator DNS Lookup" daemon [_thread_blocked, id=9944, stack(0x0000000023110000,0x0000000023210000)]
  0x000000000d9d6000 JavaThread "TCF Locator Timer" daemon [_thread_blocked, id=5936, stack(0x0000000009bf0000,0x0000000009cf0000)]
  0x000000000d9d5000 JavaThread "TCF Locator Receiver" daemon [_thread_in_native, id=6216, stack(0x0000000009af0000,0x0000000009bf0000)]
  0x000000000d9d3800 JavaThread "TCF Timer Dispatcher" daemon [_thread_blocked, id=8236, stack(0x00000000098f0000,0x00000000099f0000)]
  0x0000000008dec800 JavaThread "EMF Reference Cleaner" daemon [_thread_blocked, id=1028, stack(0x000000000cc60000,0x000000000cd60000)]
  0x0000000007da1000 JavaThread "Service Thread" daemon [_thread_blocked, id=6356, stack(0x00000000085f0000,0x00000000086f0000)]
  0x0000000007d22000 JavaThread "C1 CompilerThread2" daemon [_thread_blocked, id=7840, stack(0x00000000084f0000,0x00000000085f0000)]
  0x0000000007d0c000 JavaThread "C2 CompilerThread1" daemon [_thread_blocked, id=8572, stack(0x00000000083f0000,0x00000000084f0000)]
  0x000000000683d000 JavaThread "C2 CompilerThread0" daemon [_thread_blocked, id=2124, stack(0x00000000082f0000,0x00000000083f0000)]
  0x0000000007d02800 JavaThread "Attach Listener" daemon [_thread_blocked, id=6048, stack(0x00000000081f0000,0x00000000082f0000)]
  0x0000000006836800 JavaThread "Signal Dispatcher" daemon [_thread_blocked, id=8920, stack(0x00000000080f0000,0x00000000081f0000)]
  0x00000000067db800 JavaThread "Finalizer" daemon [_thread_blocked, id=10008, stack(0x0000000007bf0000,0x0000000007cf0000)]
  0x00000000067d4000 JavaThread "Reference Handler" daemon [_thread_blocked, id=1532, stack(0x0000000007af0000,0x0000000007bf0000)]
  0x0000000003f8e800 JavaThread "main" [_thread_blocked, id=9132, stack(0x0000000000030000,0x0000000000130000)]

Other Threads:
=>0x00000000067ce800 VMThread [stack: 0x00000000036b0000,0x00000000037b0000] [id=9376]

VM state:at safepoint (shutting down)

VM Mutex/Monitor currently owned by a thread:  ([mutex/lock_event])
[0x0000000003c48980] Threads_lock - owner thread: 0x00000000067ce800

Heap:
 PSYoungGen      total 157184K, used 76419K [0x00000000f5580000, 0x00000000ffc00000, 0x0000000100000000)
  eden space 145920K, 51% used [0x00000000f5580000,0x00000000f9e8cbf0,0x00000000fe400000)
  from space 11264K, 14% used [0x00000000ff100000,0x00000000ff294010,0x00000000ffc00000)
  to   space 12288K, 0% used [0x00000000fe400000,0x00000000fe400000,0x00000000ff000000)
 ParOldGen       total 88576K, used 54999K [0x00000000e0000000, 0x00000000e5680000, 0x00000000f5580000)
  object space 88576K, 62% used [0x00000000e0000000,0x00000000e35b5d08,0x00000000e5680000)
 Metaspace       used 88934K, capacity 95902K, committed 96000K, reserved 1132544K
  class space    used 10721K, capacity 12776K, committed 12800K, reserved 1048576K

Card table byte_map: [0x0000000004830000,0x0000000004940000] byte_map_base: 0x0000000004130000

Marking Bits: (ParMarkBitMap*) 0x0000000062f94040
 Begin Bits: [0x0000000004d40000, 0x0000000005540000)
 End Bits:   [0x0000000005540000, 0x0000000005d40000)

Polling page: 0x0000000002830000

CodeCache: size=245760Kb used=47968Kb max_used=47978Kb free=197791Kb
 bounds [0x0000000010070000, 0x0000000012fb0000, 0x000000001f070000]
 total_blobs=13459 nmethods=12586 adapters=778
 compilation: enabled

Compilation events (10 events):
Event: 827.644 Thread 0x0000000007d22000 16363   !   3       org.eclipse.osgi.internal.serviceregistry.ServiceRegistrationImpl::unregister (253 bytes)
Event: 827.647 Thread 0x0000000007d22000 nmethod 16363 0x0000000012f89290 code [0x0000000012f896a0, 0x0000000012f8bc78]
Event: 827.743 Thread 0x000000000683d000 nmethod 16349 0x0000000012f91ed0 code [0x0000000012f92280, 0x0000000012f95400]
Event: 827.801 Thread 0x0000000007d0c000 nmethod 16355 0x0000000012f9f5d0 code [0x0000000012f9fa40, 0x0000000012fa4c70]
Event: 828.010 Thread 0x0000000007d22000 16365   !   3       org.eclipse.osgi.internal.baseadaptor.BaseStorage::compact (215 bytes)
Event: 828.013 Thread 0x0000000007d22000 nmethod 16365 0x0000000012f8e0d0 code [0x0000000012f8e520, 0x0000000012f909e8]
Event: 828.333 Thread 0x000000000683d000 16366       4       java.io.File::isDirectory (43 bytes)
Event: 828.337 Thread 0x000000000683d000 nmethod 16366 0x00000000111d8890 code [0x00000000111d89e0, 0x00000000111d8be8]
Event: 828.476 Thread 0x0000000007d22000 16367       3       org.eclipse.osgi.framework.internal.core.AbstractBundle::close (52 bytes)
Event: 828.477 Thread 0x0000000007d22000 nmethod 16367 0x00000000111d8e10 code [0x00000000111d9040, 0x00000000111d9d48]

GC Heap History (10 events):
Event: 779.622 GC heap before
{Heap before GC invocations=53 (full 13):
 PSYoungGen      total 156672K, used 142336K [0x00000000f5580000, 0x00000000ffc00000, 0x0000000100000000)
  eden space 142336K, 100% used [0x00000000f5580000,0x00000000fe080000,0x00000000fe080000)
  from space 14336K, 0% used [0x00000000fe080000,0x00000000fe080000,0x00000000fee80000)
  to   space 13824K, 0% used [0x00000000fee80000,0x00000000fee80000,0x00000000ffc00000)
 ParOldGen       total 88576K, used 54999K [0x00000000e0000000, 0x00000000e5680000, 0x00000000f5580000)
  object space 88576K, 62% used [0x00000000e0000000,0x00000000e35b5d08,0x00000000e5680000)
 Metaspace       used 88064K, capacity 94832K, committed 94976K, reserved 1132544K
  class space    used 10632K, capacity 12676K, committed 12800K, reserved 1048576K
Event: 779.626 GC heap after
Heap after GC invocations=53 (full 13):
 PSYoungGen      total 157184K, used 1448K [0x00000000f5580000, 0x00000000ffd00000, 0x0000000100000000)
  eden space 143360K, 0% used [0x00000000f5580000,0x00000000f5580000,0x00000000fe180000)
  from space 13824K, 10% used [0x00000000fee80000,0x00000000fefea220,0x00000000ffc00000)
  to   space 13312K, 0% used [0x00000000fe180000,0x00000000fe180000,0x00000000fee80000)
 ParOldGen       total 88576K, used 54999K [0x00000000e0000000, 0x00000000e5680000, 0x00000000f5580000)
  object space 88576K, 62% used [0x00000000e0000000,0x00000000e35b5d08,0x00000000e5680000)
 Metaspace       used 88064K, capacity 94832K, committed 94976K, reserved 1132544K
  class space    used 10632K, capacity 12676K, committed 12800K, reserved 1048576K
}
Event: 789.844 GC heap before
{Heap before GC invocations=54 (full 13):
 PSYoungGen      total 157184K, used 144808K [0x00000000f5580000, 0x00000000ffd00000, 0x0000000100000000)
  eden space 143360K, 100% used [0x00000000f5580000,0x00000000fe180000,0x00000000fe180000)
  from space 13824K, 10% used [0x00000000fee80000,0x00000000fefea220,0x00000000ffc00000)
  to   space 13312K, 0% used [0x00000000fe180000,0x00000000fe180000,0x00000000fee80000)
 ParOldGen       total 88576K, used 54999K [0x00000000e0000000, 0x00000000e5680000, 0x00000000f5580000)
  object space 88576K, 62% used [0x00000000e0000000,0x00000000e35b5d08,0x00000000e5680000)
 Metaspace       used 88272K, capacity 95352K, committed 95488K, reserved 1132544K
  class space    used 10648K, capacity 12743K, committed 12800K, reserved 1048576K
Event: 789.848 GC heap after
Heap after GC invocations=54 (full 13):
 PSYoungGen      total 156672K, used 1440K [0x00000000f5580000, 0x00000000ffd80000, 0x0000000100000000)
  eden space 143360K, 0% used [0x00000000f5580000,0x00000000f5580000,0x00000000fe180000)
  from space 13312K, 10% used [0x00000000fe180000,0x00000000fe2e8000,0x00000000fee80000)
  to   space 13312K, 0% used [0x00000000ff080000,0x00000000ff080000,0x00000000ffd80000)
 ParOldGen       total 88576K, used 54999K [0x00000000e0000000, 0x00000000e5680000, 0x00000000f5580000)
  object space 88576K, 62% used [0x00000000e0000000,0x00000000e35b5d08,0x00000000e5680000)
 Metaspace       used 88272K, capacity 95352K, committed 95488K, reserved 1132544K
  class space    used 10648K, capacity 12743K, committed 12800K, reserved 1048576K
}
Event: 801.593 GC heap before
{Heap before GC invocations=55 (full 13):
 PSYoungGen      total 156672K, used 144800K [0x00000000f5580000, 0x00000000ffd80000, 0x0000000100000000)
  eden space 143360K, 100% used [0x00000000f5580000,0x00000000fe180000,0x00000000fe180000)
  from space 13312K, 10% used [0x00000000fe180000,0x00000000fe2e8000,0x00000000fee80000)
  to   space 13312K, 0% used [0x00000000ff080000,0x00000000ff080000,0x00000000ffd80000)
 ParOldGen       total 88576K, used 54999K [0x00000000e0000000, 0x00000000e5680000, 0x00000000f5580000)
  object space 88576K, 62% used [0x00000000e0000000,0x00000000e35b5d08,0x00000000e5680000)
 Metaspace       used 88277K, capacity 95352K, committed 95488K, reserved 1132544K
  class space    used 10648K, capacity 12743K, committed 12800K, reserved 1048576K
Event: 801.598 GC heap after
Heap after GC invocations=55 (full 13):
 PSYoungGen      total 156672K, used 1392K [0x00000000f5580000, 0x00000000ffc00000, 0x0000000100000000)
  eden space 144896K, 0% used [0x00000000f5580000,0x00000000f5580000,0x00000000fe300000)
  from space 11776K, 11% used [0x00000000ff080000,0x00000000ff1dc010,0x00000000ffc00000)
  to   space 12800K, 0% used [0x00000000fe300000,0x00000000fe300000,0x00000000fef80000)
 ParOldGen       total 88576K, used 54999K [0x00000000e0000000, 0x00000000e5680000, 0x00000000f5580000)
  object space 88576K, 62% used [0x00000000e0000000,0x00000000e35b5d08,0x00000000e5680000)
 Metaspace       used 88277K, capacity 95352K, committed 95488K, reserved 1132544K
  class space    used 10648K, capacity 12743K, committed 12800K, reserved 1048576K
}
Event: 813.139 GC heap before
{Heap before GC invocations=56 (full 13):
 PSYoungGen      total 156672K, used 146288K [0x00000000f5580000, 0x00000000ffc00000, 0x0000000100000000)
  eden space 144896K, 100% used [0x00000000f5580000,0x00000000fe300000,0x00000000fe300000)
  from space 11776K, 11% used [0x00000000ff080000,0x00000000ff1dc010,0x00000000ffc00000)
  to   space 12800K, 0% used [0x00000000fe300000,0x00000000fe300000,0x00000000fef80000)
 ParOldGen       total 88576K, used 54999K [0x00000000e0000000, 0x00000000e5680000, 0x00000000f5580000)
  object space 88576K, 62% used [0x00000000e0000000,0x00000000e35b5d08,0x00000000e5680000)
 Metaspace       used 88278K, capacity 95352K, committed 95488K, reserved 1132544K
  class space    used 10648K, capacity 12743K, committed 12800K, reserved 1048576K
Event: 813.143 GC heap after
Heap after GC invocations=56 (full 13):
 PSYoungGen      total 157696K, used 1520K [0x00000000f5580000, 0x00000000ffd80000, 0x0000000100000000)
  eden space 144896K, 0% used [0x00000000f5580000,0x00000000f5580000,0x00000000fe300000)
  from space 12800K, 11% used [0x00000000fe300000,0x00000000fe47c010,0x00000000fef80000)
  to   space 12800K, 0% used [0x00000000ff100000,0x00000000ff100000,0x00000000ffd80000)
 ParOldGen       total 88576K, used 54999K [0x00000000e0000000, 0x00000000e5680000, 0x00000000f5580000)
  object space 88576K, 62% used [0x00000000e0000000,0x00000000e35b5d08,0x00000000e5680000)
 Metaspace       used 88278K, capacity 95352K, committed 95488K, reserved 1132544K
  class space    used 10648K, capacity 12743K, committed 12800K, reserved 1048576K
}
Event: 824.595 GC heap before
{Heap before GC invocations=57 (full 13):
 PSYoungGen      total 157696K, used 146416K [0x00000000f5580000, 0x00000000ffd80000, 0x0000000100000000)
  eden space 144896K, 100% used [0x00000000f5580000,0x00000000fe300000,0x00000000fe300000)
  from space 12800K, 11% used [0x00000000fe300000,0x00000000fe47c010,0x00000000fef80000)
  to   space 12800K, 0% used [0x00000000ff100000,0x00000000ff100000,0x00000000ffd80000)
 ParOldGen       total 88576K, used 54999K [0x00000000e0000000, 0x00000000e5680000, 0x00000000f5580000)
  object space 88576K, 62% used [0x00000000e0000000,0x00000000e35b5d08,0x00000000e5680000)
 Metaspace       used 88284K, capacity 95352K, committed 95488K, reserved 1132544K
  class space    used 10648K, capacity 12743K, committed 12800K, reserved 1048576K
Event: 824.600 GC heap after
Heap after GC invocations=57 (full 13):
 PSYoungGen      total 157184K, used 1616K [0x00000000f5580000, 0x00000000ffc00000, 0x0000000100000000)
  eden space 145920K, 0% used [0x00000000f5580000,0x00000000f5580000,0x00000000fe400000)
  from space 11264K, 14% used [0x00000000ff100000,0x00000000ff294010,0x00000000ffc00000)
  to   space 12288K, 0% used [0x00000000fe400000,0x00000000fe400000,0x00000000ff000000)
 ParOldGen       total 88576K, used 54999K [0x00000000e0000000, 0x00000000e5680000, 0x00000000f5580000)
  object space 88576K, 62% used [0x00000000e0000000,0x00000000e35b5d08,0x00000000e5680000)
 Metaspace       used 88284K, capacity 95352K, committed 95488K, reserved 1132544K
  class space    used 10648K, capacity 12743K, committed 12800K, reserved 1048576K
}

Deoptimization events (10 events):
Event: 827.397 Thread 0x0000000008bc5800 Uncommon trap: reason=array_check action=maybe_recompile pc=0x00000000103f24b8 method=java.util.Arrays.fill([Ljava/lang/Object;Ljava/lang/Object;)V @ 13
Event: 827.397 Thread 0x0000000008bc5800 Uncommon trap: reason=array_check action=maybe_recompile pc=0x00000000103f24b8 method=java.util.Arrays.fill([Ljava/lang/Object;Ljava/lang/Object;)V @ 13
Event: 827.454 Thread 0x0000000003f8e800 Uncommon trap: reason=unstable_if action=reinterpret pc=0x00000000114c22d0 method=org.eclipse.swt.widgets.Display.getDefault()Lorg/eclipse/swt/widgets/Display; @ 39
Event: 827.466 Thread 0x0000000003f8e800 Uncommon trap: reason=unstable_if action=reinterpret pc=0x00000000112f2850 method=org.eclipse.core.runtime.internal.adaptor.EclipseLazyStarter.shouldActivateFor(Ljava/lang/String;Lorg/eclipse/osgi/baseadaptor/BaseData;Lorg/eclipse/core/runtime/internal/ada¹ojÌºÛ‰@
Event: 827.466 Thread 0x0000000003f8e800 Uncommon trap: reason=class_check action=maybe_recompile pc=0x0000000012918a14 method=org.eclipse.swt.widgets.Display.asyncExec(Ljava/lang/Runnable;)V @ 54
Event: 827.466 Thread 0x0000000003f8e800 Uncommon trap: reason=class_check action=maybe_recompile pc=0x0000000012918a14 method=org.eclipse.swt.widgets.Display.asyncExec(Ljava/lang/Runnable;)V @ 54
Event: 827.499 Thread 0x0000000003f8e800 Uncommon trap: reason=class_check action=maybe_recompile pc=0x000000001291210c method=org.eclipse.core.internal.jobs.DeadlockDetector.lockReleased(Ljava/lang/Thread;Lorg/eclipse/core/runtime/jobs/ISchedulingRule;)V @ 169
Event: 827.569 Thread 0x0000000008bc5800 Uncommon trap: reason=unstable_if action=reinterpret pc=0x0000000010b02010 method=org.eclipse.osgi.framework.internal.core.BundleContextImpl.dispatchEvent(Ljava/lang/Object;Ljava/lang/Object;ILjava/lang/Object;)V @ 16
Event: 827.576 Thread 0x000000001fe9b800 Uncommon trap: reason=unstable_if action=reinterpret pc=0x0000000010c0c0ac method=org.eclipse.core.internal.jobs.JobManager.nextJob()Lorg/eclipse/core/runtime/jobs/Job; @ 80
Event: 828.476 Thread 0x0000000003f8e800 Uncommon trap: reason=unstable_if action=reinterpret pc=0x0000000012aa6550 method=sun.reflect.UnsafeStaticObjectFieldAccessorImpl.set(Ljava/lang/Object;Ljava/lang/Object;)V @ 13

Internal exceptions (10 events):
Event: 826.145 Thread 0x0000000003f8e800 Implicit null exception at 0x00000000116f928c to 0x00000000116f92e9
Event: 826.434 Thread 0x0000000003f8e800 Implicit null exception at 0x00000000113aed05 to 0x00000000113aefd5
Event: 826.476 Thread 0x0000000003f8e800 Implicit null exception at 0x0000000010d59a30 to 0x0000000010d59a89
Event: 826.602 Thread 0x0000000003f8e800 Implicit null exception at 0x0000000010feb400 to 0x0000000010feb851
Event: 826.734 Thread 0x000000000d9bb800 Exception <a 'java/lang/InterruptedException'> (0x00000000f82fbf78) thrown at [C:\re\workspace\8-2-build-windows-amd64-cygwin\jdk8u45\3627\hotspot\src\share\vm\runtime\objectMonitor.cpp, line 1683]
Event: 827.637 Thread 0x00000000089f0000 Exception <a 'java/lang/InterruptedException': sleep interrupted> (0x00000000f9273b78) thrown at [C:\re\workspace\8-2-build-windows-amd64-cygwin\jdk8u45\3627\hotspot\src\share\vm\prims\jvm.cpp, line 3211]
Event: 827.639 Thread 0x0000000008e88000 Exception <a 'java/lang/InterruptedException'> (0x00000000f94049c8) thrown at [C:\re\workspace\8-2-build-windows-amd64-cygwin\jdk8u45\3627\hotspot\src\share\vm\runtime\objectMonitor.cpp, line 1683]
Event: 827.663 Thread 0x0000000020e2a800 Exception <a 'java/lang/InterruptedException'> (0x00000000f94e23f8) thrown at [C:\re\workspace\8-2-build-windows-amd64-cygwin\jdk8u45\3627\hotspot\src\share\vm\runtime\objectMonitor.cpp, line 1683]
Event: 828.476 Thread 0x0000000008bc5800 Exception <a 'java/lang/InterruptedException'> (0x00000000f8fb8f60) thrown at [C:\re\workspace\8-2-build-windows-amd64-cygwin\jdk8u45\3627\hotspot\src\share\vm\runtime\objectMonitor.cpp, line 1683]
Event: 828.476 Thread 0x0000000003f8e800 Implicit null exception at 0x0000000012aa6237 to 0x0000000012aa653d

Events (10 events):
Event: 828.476 Thread 0x0000000003f8e800 DEOPT PACKING pc=0x0000000012aa6550 sp=0x000000000012eae0
Event: 828.476 Thread 0x0000000003f8e800 DEOPT UNPACKING pc=0x00000000100b582a sp=0x000000000012ea38 mode 2
Event: 828.477 Thread 0x00000000089f2800 Thread exited: 0x00000000089f2800
Event: 828.477 loading class java/util/IdentityHashMap$KeyIterator
Event: 828.477 loading class java/util/IdentityHashMap$IdentityHashMapIterator
Event: 828.477 loading class java/util/IdentityHashMap$IdentityHashMapIterator done
Event: 828.477 loading class java/util/IdentityHashMap$KeyIterator done
Event: 828.477 Thread 0x000000001fe9d000 Thread added: 0x000000001fe9d000
Event: 828.477 Thread 0x000000001fe9d000 Thread exited: 0x000000001fe9d000
Event: 828.478 Executing VM operation: Exit


Dynamic libraries:
0x0000000000400000 - 0x000000000044f000 	C:\Xilinx\SDK\2015.4\eclipse\win64.o\eclipse.exe
0x0000000077130000 - 0x00000000772cf000 	C:\Windows\SYSTEM32\ntdll.dll
0x0000000076f10000 - 0x000000007702f000 	C:\Windows\system32\kernel32.dll
0x000007fefce90000 - 0x000007fefcefa000 	C:\Windows\system32\KERNELBASE.dll
0x0000000077030000 - 0x000000007712a000 	C:\Windows\system32\USER32.dll
0x000007feff170000 - 0x000007feff1d7000 	C:\Windows\system32\GDI32.dll
0x000007fefeb00000 - 0x000007fefeb0e000 	C:\Windows\system32\LPK.dll
0x000007fefe470000 - 0x000007fefe53b000 	C:\Windows\system32\USP10.dll
0x000007fefe3d0000 - 0x000007fefe46f000 	C:\Windows\system32\msvcrt.dll
0x000007fefbe10000 - 0x000007fefc004000 	C:\Windows\WinSxS\amd64_microsoft.windows.common-controls_6595b64144ccf1df_6.0.7601.18837_none_fa3b1e3d17594757\COMCTL32.dll
0x000007fefd520000 - 0x000007fefd591000 	C:\Windows\system32\SHLWAPI.dll
0x000007fefd1c0000 - 0x000007fefd1ee000 	C:\Windows\system32\IMM32.DLL
0x000007feff310000 - 0x000007feff419000 	C:\Windows\system32\MSCTF.dll
0x000007fefcd40000 - 0x000007fefcd70000 	C:\Windows\system32\nvinitx.dll
0x000007fefcd30000 - 0x000007fefcd3c000 	C:\Windows\system32\VERSION.dll
0x000007fefed10000 - 0x000007fefedeb000 	C:\Windows\system32\ADVAPI32.dll
0x000007fefe3b0000 - 0x000007fefe3cf000 	C:\Windows\SYSTEM32\sechost.dll
0x000007feff1e0000 - 0x000007feff30d000 	C:\Windows\system32\RPCRT4.dll
0x0000000071be0000 - 0x0000000071be6000 	C:\Program Files\NVIDIA Corporation\CoProcManager\detoured.dll
0x000007fef8ba0000 - 0x000007fef8bd8000 	C:\Program Files\NVIDIA Corporation\CoProcManager\nvd3d9wrapx.dll
0x000007fefeef0000 - 0x000007feff0c7000 	C:\Windows\system32\SETUPAPI.dll
0x000007fefcf20000 - 0x000007fefcf56000 	C:\Windows\system32\CFGMGR32.dll
0x000007fefee10000 - 0x000007fefeeea000 	C:\Windows\system32\OLEAUT32.dll
0x000007fefe900000 - 0x000007fefeafd000 	C:\Windows\system32\ole32.dll
0x000007fefce70000 - 0x000007fefce8a000 	C:\Windows\system32\DEVOBJ.dll
0x000007fef8bf0000 - 0x000007fef8c14000 	C:\Program Files\NVIDIA Corporation\CoProcManager\nvdxgiwrapx.dll
0x0000000072000000 - 0x0000000072012000 	C:\Xilinx\SDK\2015.4\eclipse\win64.o\plugins\org.eclipse.equinox.launcher.win32.win32.x86_64_1.1.200.v20140116-2212\eclipse_1503.dll
0x000007fefb270000 - 0x000007fefb2c6000 	C:\Windows\system32\uxtheme.dll
0x0000000180000000 - 0x0000000180027000 	C:\Program Files (x86)\kbasesrv\knbdefdll64.dll
0x00000000772e0000 - 0x00000000772e7000 	C:\Windows\system32\PSAPI.DLL
0x000007fefcc70000 - 0x000007fefccc7000 	C:\Windows\system32\apphelp.dll
0x000007fef73c0000 - 0x000007fef7c91000 	C:\Windows\system32\SOGOUPY.IME
0x000007fefc010000 - 0x000007fefc017000 	C:\Windows\system32\MSIMG32.dll
0x000007fefa230000 - 0x000007fefa284000 	C:\Windows\system32\OLEACC.dll
0x000007fefb9b0000 - 0x000007fefb9dd000 	C:\Windows\system32\ntmarta.dll
0x000007fefeca0000 - 0x000007fefecf2000 	C:\Windows\system32\WLDAP32.dll
0x000007fefd5a0000 - 0x000007fefe32b000 	C:\Windows\system32\SHELL32.dll
0x0000000010000000 - 0x0000000010065000 	C:\Program Files\Lenovo\Bluetooth Software\btmmhook.dll
0x0000000062790000 - 0x0000000063013000 	C:\Xilinx\SDK\2015.4\tps\win64\jre\bin\server\jvm.dll
0x000007feecb40000 - 0x000007feecb49000 	C:\Windows\system32\WSOCK32.dll
0x000007fefe540000 - 0x000007fefe58d000 	C:\Windows\system32\WS2_32.dll
0x000007fefed00000 - 0x000007fefed08000 	C:\Windows\system32\NSI.dll
0x000007fef92d0000 - 0x000007fef930b000 	C:\Windows\system32\WINMM.dll
0x00000000703c0000 - 0x0000000070492000 	C:\Windows\system32\MSVCR100.dll
0x0000000073630000 - 0x000000007363f000 	C:\Xilinx\SDK\2015.4\tps\win64\jre\bin\verify.dll
0x0000000067b10000 - 0x0000000067b39000 	C:\Xilinx\SDK\2015.4\tps\win64\jre\bin\java.dll
0x000007fef3870000 - 0x000007fef3ad7000 	C:\Program Files (x86)\SogouInput\Components\PicFace\1.1.0.1787\PicFace64.dll
0x000007feff0d0000 - 0x000007feff167000 	C:\Windows\system32\COMDLG32.dll
0x0000000068cc0000 - 0x0000000068cd6000 	C:\Xilinx\SDK\2015.4\tps\win64\jre\bin\zip.dll
0x000007fefce00000 - 0x000007fefce0f000 	C:\Windows\system32\profapi.dll
0x000007fefc5b0000 - 0x000007fefc5c8000 	C:\Windows\system32\CRYPTSP.dll
0x000007fefc2b0000 - 0x000007fefc2f7000 	C:\Windows\system32\rsaenh.dll
0x000007fefcf60000 - 0x000007fefcf7e000 	C:\Windows\system32\USERENV.dll
0x000007fefcbc0000 - 0x000007fefcbcf000 	C:\Windows\system32\CRYPTBASE.dll
0x0000000067af0000 - 0x0000000067b0a000 	C:\Xilinx\SDK\2015.4\tps\win64\jre\bin\net.dll
0x000007fefc550000 - 0x000007fefc5a5000 	C:\Windows\system32\mswsock.dll
0x000007fefc540000 - 0x000007fefc547000 	C:\Windows\System32\wship6.dll
0x000007fefa650000 - 0x000007fefa677000 	C:\Windows\system32\IPHLPAPI.DLL
0x000007fefa640000 - 0x000007fefa64b000 	C:\Windows\system32\WINNSI.DLL
0x000007fefa9a0000 - 0x000007fefa9b1000 	C:\Windows\system32\dhcpcsvc6.DLL
0x000007fefa980000 - 0x000007fefa998000 	C:\Windows\system32\dhcpcsvc.DLL
0x00000000678e0000 - 0x00000000678f1000 	C:\Xilinx\SDK\2015.4\tps\win64\jre\bin\nio.dll
0x0000000009770000 - 0x000000000982b000 	C:\Program Files (x86)\SogouInput\8.8.0.1814\Resource.dll
0x000007fefad10000 - 0x000007fefad28000 	C:\Windows\system32\dwmapi.dll
0x000007fefb110000 - 0x000007fefb125000 	C:\Windows\system32\NLAapi.dll
0x000007fef3f50000 - 0x000007fef3f65000 	C:\Windows\system32\napinsp.dll
0x000007fef3f30000 - 0x000007fef3f49000 	C:\Windows\system32\pnrpnsp.dll
0x000007fefc3d0000 - 0x000007fefc42b000 	C:\Windows\system32\DNSAPI.dll
0x000007fef3f20000 - 0x000007fef3f2b000 	C:\Windows\System32\winrnr.dll
0x000007fef3f10000 - 0x000007fef3f20000 	C:\Windows\system32\wshbth.dll
0x0000000063560000 - 0x0000000063569000 	C:\Program Files\National Instruments\Shared\mDNS Responder\nimdnsNSP.dll
0x0000000063550000 - 0x000000006355c000 	C:\Windows\system32\nimdnsResponder.dll
0x00000000724a0000 - 0x0000000072543000 	C:\Windows\WinSxS\amd64_microsoft.vc90.crt_1fc8b3b9a1e18e3b_9.0.30729.6161_none_08e61857a83bc251\MSVCR90.dll
0x000007fefbc40000 - 0x000007fefbc47000 	C:\Windows\System32\wshtcpip.dll
0x000007fef89a0000 - 0x000007fef89a8000 	C:\Windows\system32\rasadhlp.dll
0x000007fefa2d0000 - 0x000007fefa323000 	C:\Windows\System32\fwpuclnt.dll
0x000000000c960000 - 0x000000000ca08000 	C:\Users\zheng\.Xilinx\SDK\2015.4\org.eclipse.osgi\bundles\303\1\.cp\swt-win32-4335.dll
0x000007fefa9d0000 - 0x000007fefaa41000 	C:\Windows\system32\WINSPOOL.DRV
0x000007fefd1f0000 - 0x000007fefd511000 	C:\Windows\system32\WININET.dll
0x000007fefcfa0000 - 0x000007fefcfa4000 	C:\Windows\system32\api-ms-win-downlevel-user32-l1-1-0.dll
0x000007fefcf90000 - 0x000007fefcf94000 	C:\Windows\system32\api-ms-win-downlevel-shlwapi-l1-1-0.dll
0x000007fefcf80000 - 0x000007fefcf84000 	C:\Windows\system32\api-ms-win-downlevel-version-l1-1-0.dll
0x000007fefce20000 - 0x000007fefce23000 	C:\Windows\system32\api-ms-win-downlevel-normaliz-l1-1-0.dll
0x00000000772d0000 - 0x00000000772d3000 	C:\Windows\system32\normaliz.DLL
0x000007fefe630000 - 0x000007fefe8fa000 	C:\Windows\system32\iertutil.dll
0x000007fefcf00000 - 0x000007fefcf05000 	C:\Windows\system32\api-ms-win-downlevel-advapi32-l1-1-0.dll
0x000007fefcfb0000 - 0x000007fefd11d000 	C:\Windows\system32\CRYPT32.dll
0x000007fefce10000 - 0x000007fefce1f000 	C:\Windows\system32\MSASN1.dll
0x000007fefb330000 - 0x000007fefb45c000 	C:\Windows\system32\propsys.dll
0x000007fefe590000 - 0x000007fefe629000 	C:\Windows\system32\CLBCatQ.DLL
0x000000000ca30000 - 0x000000000ca4e000 	C:\Users\zheng\.Xilinx\SDK\2015.4\org.eclipse.osgi\bundles\303\1\.cp\swt-gdip-win32-4335.dll
0x000007fefaed0000 - 0x000007fefb0e7000 	C:\Windows\WinSxS\amd64_microsoft.windows.gdiplus_6595b64144ccf1df_1.1.7601.23894_none_145eb2808b8d6928\gdiplus.dll
0x000007fefab00000 - 0x000007fefac61000 	C:\Windows\system32\WindowsCodecs.dll
0x000000000d230000 - 0x000000000d242000 	C:\Users\zheng\.Xilinx\SDK\2015.4\org.eclipse.osgi\bundles\121\1\.cp\os\win32\x86_64\localfile_1_0_0.dll
0x000007fef3d60000 - 0x000007fef3d71000 	C:\Users\zheng\.Xilinx\SDK\2015.4\org.eclipse.osgi\bundles\124\1\.cp\jWinHttp-1.0.0.dll
0x000007fef9420000 - 0x000007fef9491000 	C:\Windows\system32\WINHTTP.dll
0x000007fef93b0000 - 0x000007fef9415000 	C:\Windows\system32\webio.dll
0x000007fefca10000 - 0x000007fefca35000 	C:\Windows\system32\SspiCli.dll
0x000007fefc180000 - 0x000007fefc18a000 	C:\Windows\system32\credssp.dll
0x000007fefcd10000 - 0x000007fefcd24000 	C:\Windows\system32\RpcRtRemote.dll
0x000007feeb3c0000 - 0x000007feeb3fb000 	C:\Windows\system32\mlang.dll
0x000007fee2bb0000 - 0x000007fee2d3a000 	C:\Program Files (x86)\SogouInput\Components\SogouFlash\1.0.0.203\SogouFlashDll64.dll
0x000007fefb690000 - 0x000007fefb69f000 	C:\Xilinx\SDK\2015.4\lib\win64.o\librdi_repo_manager.dll
0x000007fef3bd0000 - 0x000007fef3bfa000 	C:\Xilinx\SDK\2015.4\lib\win64.o\libisl_sysinfo.dll
0x000007fee2df0000 - 0x000007fee2ec4000 	C:\Windows\system32\MSVCR110.dll
0x000007fee8900000 - 0x000007fee89a7000 	C:\Windows\system32\MSVCP110.dll
0x000007fee5f80000 - 0x000007fee690d000 	C:\Xilinx\SDK\2015.4\lib\win64.o\librdi_common.dll
0x000007fee5c10000 - 0x000007fee5f7e000 	C:\Xilinx\SDK\2015.4\lib\win64.o\libCOIN-all.dll
0x000007fee7b80000 - 0x000007fee7d9e000 	C:\Xilinx\SDK\2015.4\lib\win64.o\libXil_lmgr11.dll
0x000007fefb160000 - 0x000007fefb176000 	C:\Windows\system32\NETAPI32.dll
0x000007fefb150000 - 0x000007fefb15c000 	C:\Windows\system32\netutils.dll
0x000007fefc920000 - 0x000007fefc943000 	C:\Windows\system32\srvcli.dll
0x000007fefb130000 - 0x000007fefb145000 	C:\Windows\system32\wkscli.dll
0x0000000024950000 - 0x000000002498b000 	C:\Windows\system32\WINTRUST.dll
0x000007fefb250000 - 0x000007fefb260000 	C:\Xilinx\SDK\2015.4\lib\win64.o\libboost_date_time.dll
0x000007feefd10000 - 0x000007feefd32000 	C:\Xilinx\SDK\2015.4\lib\win64.o\libboost_filesystem.dll
0x000007fef8c60000 - 0x000007fef8c69000 	C:\Xilinx\SDK\2015.4\lib\win64.o\libboost_system.dll
0x000007feea9c0000 - 0x000007feeaa34000 	C:\Xilinx\SDK\2015.4\lib\win64.o\libboost_program_options.dll
0x000007fee7340000 - 0x000007fee743a000 	C:\Xilinx\SDK\2015.4\lib\win64.o\libboost_regex.dll
0x000007fef3c20000 - 0x000007fef3c33000 	C:\Xilinx\SDK\2015.4\lib\win64.o\libboost_signals.dll
0x000007feefc30000 - 0x000007feefc4d000 	C:\Xilinx\SDK\2015.4\lib\win64.o\libboost_thread.dll
0x000007feef3d0000 - 0x000007feef3db000 	C:\Xilinx\SDK\2015.4\lib\win64.o\libboost_chrono.dll
0x000007feef3c0000 - 0x000007feef3cb000 	C:\Xilinx\SDK\2015.4\lib\win64.o\libboost_xilinx.dll
0x000007feeaac0000 - 0x000007feeab40000 	C:\Xilinx\SDK\2015.4\lib\win64.o\libhdlpsolve.dll
0x000007fee72a0000 - 0x000007fee733a000 	C:\Xilinx\SDK\2015.4\lib\win64.o\libhdxml.dll
0x000007fee57d0000 - 0x000007fee5c04e00 	C:\Xilinx\SDK\2015.4\lib\win64.o\libisl_iostreams.dll
0x000007feeea90000 - 0x000007feeeaa6000 	C:\Xilinx\SDK\2015.4\lib\win64.o\libboost_iostreams.dll
0x000007feeea50000 - 0x000007feeea73000 	C:\Xilinx\SDK\2015.4\lib\win64.o\librdizlib.dll

VM Arguments:
jvm_args: -Dcom.xilinx.sdk.args.hwspec=D:/FPGA/V_project/final_2/lcd7_touch.sdk/system_wrapper.hdf -Xms64m -Xmx512m & 
java_command: <unknown>
java_class_path (initial): C:\Xilinx\SDK\2015.4\eclipse\win64.o\\plugins/org.eclipse.equinox.launcher_1.3.0.v20130327-1440.jar
Launcher Type: generic

Environment Variables:
PATH=C:/Xilinx/SDK/2015.4/tps/win64/jre/bin/server;C:/Xilinx/SDK/2015.4/tps/win64/jre/bin;C:/Xilinx/SDK/2015.4/tps/win64/jre/lib/amd64;C:\Xilinx\SDK\2015.4\gnuwin\bin;C:\Xilinx\SDK\2015.4\gnu\microblaze\nt\bin;C:\Xilinx\SDK\2015.4\gnu\microblaze\linux_toolchain\nt64_le\bin;C:\Xilinx\SDK\2015.4\gnu\microblaze\linux_toolchain\nt64_be\bin;C:\Xilinx\SDK\2015.4\gnu\arm\nt\bin;C:\Xilinx\SDK\2015.4\gnu\aarch64\nt\aarch64-none\bin;C:\Xilinx\SDK\2015.4\gnu\aarch64\nt\aarch64-linux\bin;C:\Xilinx\SDK\2015.4\gnu\armr5\nt\gcc-arm-none-eabi\bin;C:\Xilinx\SDK\2015.4\gnu\aarch32\nt\gcc-arm-none-eabi\bin;C:\Xilinx\SDK\2015.4\gnu\aarch32\nt\gcc-arm-linux-gnueabi\bin;C:\Xilinx\SDK\2015.4\bin;C:\Xilinx\SDK\2015.4\lib\win64.o;C:\Xilinx\SDK\2015.4\tps\win64\jre\bin\server;C:\Xilinx\SDK\2015.4\tps\win64\jre\bin;C:\Xilinx\Vivado\2015.4\ids_lite\ISE\bin\nt64;C:\Xilinx\Vivado\2015.4\ids_lite\ISE\lib\nt64;C:\Xilinx\Vivado\2015.4\bin;C:\Xilinx\Vivado\2015.4\lib\win64.o;C:\Xilinx\Vivado\2015.4\tps\win64\jre\bin\server;C:\Xilinx\Vivado\2015.4\tps\win64\jre\bin;C:\Xilinx\Vivado_HLS\2015.4\bin;C:\Program Files (x86)\Intel\iCLS Client\;C:\Program Files\Intel\iCLS Client\;C:\Windows\system32;C:\Windows;C:\Windows\System32\Wbem;C:\Windows\System32\WindowsPowerShell\v1.0\;C:\Program Files\Intel\Intel(R) Management Engine Components\DAL;C:\Program Files\Intel\Intel(R) Management Engine Components\IPT;C:\Program Files (x86)\Intel\Intel(R) Management Engine Components\DAL;C:\Program Files (x86)\Intel\Intel(R) Management Engine Components\IPT;C:\Program Files (x86)\Intel\OpenCL SDK\1.5\bin\x86;C:\Program Files (x86)\Intel\OpenCL SDK\1.5\bin\x64;C:\Program Files\Lenovo\Bluetooth Software\;C:\Program Files\Lenovo\Bluetooth Software\syswow64;D:\study\matlab14\runtime\win64;D:\study\matlab14\bin;D:\study\matlab14\polyspace\bin;C:\Users\zheng\AppData\Local\Programs\Python\Python36\Scripts\;C:\Users\zheng\AppData\Local\Programs\Python\Python36\;C:\modeltech64_10.1c\win64;d:\FPGA\V_project\final_2;
USERNAME=zheng
OS=Windows_NT
PROCESSOR_IDENTIFIER=Intel64 Family 6 Model 58 Stepping 9, GenuineIntel



---------------  S Y S T E M  ---------------

OS: Windows 7 , 64 bit Build 7601 (6.1.7601.24117)

CPU:total 4 (2 cores per cpu, 2 threads per core) family 6 model 58 stepping 9, cmov, cx8, fxsr, mmx, sse, sse2, sse3, ssse3, sse4.1, sse4.2, popcnt, avx, aes, clmul, erms, ht, tsc, tscinvbit, tscinv

Memory: 4k page, physical 8254308k(2391552k free), swap 16506740k(9474796k free)

vm_info: Java HotSpot(TM) 64-Bit Server VM (25.45-b02) for windows-amd64 JRE (1.8.0_45-b15), built on Apr 30 2015 12:40:44 by "java_re" with MS VC++ 10.0 (VS2010)

time: Fri May 18 22:18:14 2018
elapsed time: 829 seconds (0d 0h 13m 49s)

