#
# A fatal error has been detected by the Java Runtime Environment:
#
#  Internal Error (0xc000000d), pid=7804, tid=7268
#
# JRE version: Java(TM) SE Runtime Environment (8.0_45-b15) (build 1.8.0_45-b15)
# Java VM: Java HotSpot(TM) 64-Bit Server VM (25.45-b02 mixed mode windows-amd64 compressed oops)
# Problematic frame:
# C  [ntdll.dll+0x95415]
#
# Failed to write core dump. Minidumps are not enabled by default on client versions of Windows
#
# If you would like to submit a bug report, please visit:
#   http://bugreport.java.com/bugreport/crash.jsp
#

---------------  T H R E A D  ---------------

Current thread (0x000000000684b000):  VMThread [stack: 0x0000000003630000,0x0000000003730000] [id=7268]

siginfo: ExceptionCode=0xc000000d

Registers:
RAX=0x0000000075c76cd5, RBX=0x0000000000000000, RCX=0x000000000372ef10, RDX=0x0000000000000000
RSP=0x000000000372f520, RBP=0x000000002731fa50, RSI=0x000007fee8267408, RDI=0x000000000372f668
R8 =0x0000000000000000, R9 =0x0000000000000000, R10=0x0000000000000000, R11=0x0000000000000246
R12=0x00000000264df3e0, R13=0x00000000264df3b0, R14=0x000000002731fb58, R15=0x0000000000000000
RIP=0x00000000779a5415, EFLAGS=0x0000000000000202

Top of Stack: (sp=0x000000000372f520)
0x000000000372f520:   0000000000000000 000007fee8267408
0x000000000372f530:   000000000372f668 0000000000000000
0x000000000372f540:   0000000000000050 0000000000300000
0x000000000372f550:   0000000000000000 0000000000000000
0x000000000372f560:   0000000000000002 0000000077937974
0x000000000372f570:   00000000c000000d 0000000000000000
0x000000000372f580:   00000000779a5415 0000000000000000
0x000000000372f590:   0000000000000000 0000000000000000
0x000000000372f5a0:   0000000000000000 0000000000000000
0x000000000372f5b0:   0000000000000000 0000000000000000
0x000000000372f5c0:   0000000000000000 0000000000000000
0x000000000372f5d0:   0000000000000000 0000000000000000
0x000000000372f5e0:   0000000000000000 0000000000000000
0x000000000372f5f0:   0000000000000000 0000000000000000
0x000000000372f600:   0000000000000000 00000000264df3e0
0x000000000372f610:   000000000000029c 0000000077833458 

Instructions: (pc=0x00000000779a5415)
0x00000000779a53f5:   d7 4a fc ff b9 57 00 00 00 c7 44 24 50 0d 00 00
0x00000000779a5405:   c0 e8 75 74 fb ff 48 8d 4c 24 50 e8 db e5 fa ff
0x00000000779a5415:   4c 8b 1d 1c c2 09 00 4d 85 db 74 5b 65 48 8b 04
0x00000000779a5425:   25 30 00 00 00 f6 80 ee 17 00 00 08 74 12 65 48 


Register to memory mapping:

RAX=0x0000000075c76cd5 is an unknown value
RBX=0x0000000000000000 is an unknown value
RCX=0x000000000372ef10 is an unknown value
RDX=0x0000000000000000 is an unknown value
RSP=0x000000000372f520 is an unknown value
RBP=0x000000002731fa50 is an unknown value
RSI=0x000007fee8267408 is an unknown value
RDI=0x000000000372f668 is an unknown value
R8 =0x0000000000000000 is an unknown value
R9 =0x0000000000000000 is an unknown value
R10=0x0000000000000000 is an unknown value
R11=0x0000000000000246 is an unknown value
R12=0x00000000264df3e0 is an unknown value
R13=0x00000000264df3b0 is an unknown value
R14=0x000000002731fb58 is an unknown value
R15=0x0000000000000000 is an unknown value


Stack: [0x0000000003630000,0x0000000003730000],  sp=0x000000000372f520,  free space=1021k
Native frames: (J=compiled Java code, j=interpreted, Vv=VM code, C=native code)
C  [ntdll.dll+0x95415]
C  [kernel32.dll+0x43458]
C  [MSVCR110.dll+0x752d]
C  [MSVCR110.dll+0x73c6]
C  [MSVCR110.dll+0x14cca]
C  [MSVCR110.dll+0x13edc]
C  [MSVCR110.dll+0x239e]
C  [MSVCR110.dll+0xaf9e]
C  [MSVCP110.dll+0x397b9]
C  [librdi_common.dll+0x14283e]
C  [librdi_common.dll+0x141449]
C  0x000007feecf92400
C  0x000007feecf92682
C  [ntdll.dll+0x375eb]
C  [ntdll.dll+0x3c040]
C  [MSVCR100.dll+0x20ccd]
V  [jvm.dll+0x20f135]
V  [jvm.dll+0x247ef7]
V  [jvm.dll+0x247196]
V  [jvm.dll+0x247631]
V  [jvm.dll+0x24784e]
V  [jvm.dll+0x29853a]
C  [MSVCR100.dll+0x21d9f]
C  [MSVCR100.dll+0x21e3b]
C  [kernel32.dll+0x159cd]
C  [ntdll.dll+0x5383d]

VM_Operation (0x000000000012f500): Exit, mode: safepoint, requested by thread 0x0000000003f6e800


---------------  P R O C E S S  ---------------

Java Threads: ( => current thread )
  0x0000000007daf000 JavaThread "TCF Socket Connect" daemon [_thread_blocked, id=9924, stack(0x000000000d2e0000,0x000000000d3e0000)]
  0x0000000008ef8800 JavaThread "Thread-18" daemon [_thread_blocked, id=9008, stack(0x0000000026be0000,0x0000000026ce0000)]
  0x0000000007db4800 JavaThread "TCF Locator DNS Lookup" daemon [_thread_blocked, id=1188, stack(0x00000000236c0000,0x00000000237c0000)]
  0x0000000007db0800 JavaThread "TCF Locator Timer" daemon [_thread_blocked, id=4448, stack(0x00000000235c0000,0x00000000236c0000)]
  0x0000000007dab800 JavaThread "TCF Locator Receiver" daemon [_thread_in_native, id=9116, stack(0x00000000234c0000,0x00000000235c0000)]
  0x0000000007db2000 JavaThread "TCF Timer Dispatcher" daemon [_thread_blocked, id=6620, stack(0x0000000009e40000,0x0000000009f40000)]
  0x000000000ae82800 JavaThread "EMF Reference Cleaner" daemon [_thread_blocked, id=968, stack(0x000000000cc80000,0x000000000cd80000)]
  0x0000000007e31000 JavaThread "Service Thread" daemon [_thread_blocked, id=9188, stack(0x0000000008670000,0x0000000008770000)]
  0x0000000007daa800 JavaThread "C1 CompilerThread2" daemon [_thread_blocked, id=9076, stack(0x0000000008570000,0x0000000008670000)]
  0x0000000007d8d000 JavaThread "C2 CompilerThread1" daemon [_thread_blocked, id=7172, stack(0x0000000008470000,0x0000000008570000)]
  0x0000000007d89000 JavaThread "C2 CompilerThread0" daemon [_thread_blocked, id=6828, stack(0x0000000008370000,0x0000000008470000)]
  0x0000000007d7c800 JavaThread "Attach Listener" daemon [_thread_blocked, id=7692, stack(0x0000000008270000,0x0000000008370000)]
  0x0000000006858000 JavaThread "Finalizer" daemon [_thread_blocked, id=5544, stack(0x0000000007c70000,0x0000000007d70000)]
  0x0000000006850800 JavaThread "Reference Handler" daemon [_thread_blocked, id=5976, stack(0x0000000007b70000,0x0000000007c70000)]
  0x0000000003f6e800 JavaThread "main" [_thread_blocked, id=8000, stack(0x0000000000030000,0x0000000000130000)]

Other Threads:
=>0x000000000684b000 VMThread [stack: 0x0000000003630000,0x0000000003730000] [id=7268]

VM state:at safepoint (shutting down)

VM Mutex/Monitor currently owned by a thread:  ([mutex/lock_event])
[0x0000000003dc8980] Threads_lock - owner thread: 0x000000000684b000

Heap:
 PSYoungGen      total 140800K, used 93969K [0x00000000f5580000, 0x0000000100000000, 0x0000000100000000)
  eden space 109056K, 86% used [0x00000000f5580000,0x00000000fb144530,0x00000000fc000000)
  from space 31744K, 0% used [0x00000000fe100000,0x00000000fe100000,0x0000000100000000)
  to   space 32768K, 0% used [0x00000000fc000000,0x00000000fc000000,0x00000000fe000000)
 ParOldGen       total 97792K, used 54435K [0x00000000e0000000, 0x00000000e5f80000, 0x00000000f5580000)
  object space 97792K, 55% used [0x00000000e0000000,0x00000000e3528e10,0x00000000e5f80000)
 Metaspace       used 81214K, capacity 87826K, committed 88064K, reserved 1126400K
  class space    used 9894K, capacity 11937K, committed 12032K, reserved 1048576K

Card table byte_map: [0x0000000003f70000,0x0000000004080000] byte_map_base: 0x0000000003870000

Marking Bits: (ParMarkBitMap*) 0x0000000053354040
 Begin Bits: [0x0000000004dc0000, 0x00000000055c0000)
 End Bits:   [0x00000000055c0000, 0x0000000005dc0000)

Polling page: 0x0000000003ab0000

CodeCache: size=245760Kb used=33994Kb max_used=34130Kb free=211765Kb
 bounds [0x0000000010070000, 0x0000000012210000, 0x000000001f070000]
 total_blobs=10371 nmethods=9508 adapters=771
 compilation: enabled

Compilation events (10 events):
Event: 441.652 Thread 0x0000000007daa800 nmethod 11778 0x0000000010f68b50 code [0x0000000010f68da0, 0x0000000010f69d48]
Event: 441.652 Thread 0x0000000007daa800 11779       3       org.eclipse.equinox.internal.event.mapper.EventAdapter::putServiceReferenceProperties (92 bytes)
Event: 441.654 Thread 0x0000000007daa800 nmethod 11779 0x000000001063c8d0 code [0x000000001063cbc0, 0x000000001063e878]
Event: 441.778 Thread 0x0000000007d89000 nmethod 11771 0x00000000111ae6d0 code [0x00000000111aea80, 0x00000000111b1e80]
Event: 441.925 Thread 0x0000000007daa800 11787   !   3       org.eclipse.osgi.internal.baseadaptor.BaseStorage::compact (215 bytes)
Event: 441.928 Thread 0x0000000007daa800 nmethod 11787 0x0000000011383190 code [0x00000000113835e0, 0x0000000011385aa8]
Event: 442.228 Thread 0x0000000007d8d000 11788       4       java.io.File::isDirectory (43 bytes)
Event: 442.230 Thread 0x0000000007d8d000 nmethod 11788 0x0000000010a6a1d0 code [0x0000000010a6a320, 0x0000000010a6a528]
Event: 442.302 Thread 0x0000000007daa800 11789       3       org.eclipse.osgi.framework.internal.core.AbstractBundle::close (52 bytes)
Event: 442.303 Thread 0x0000000007daa800 nmethod 11789 0x00000000108eb950 code [0x00000000108ebb80, 0x00000000108ec888]

GC Heap History (10 events):
Event: 28.393 GC heap before
{Heap before GC invocations=14 (full 3):
 PSYoungGen      total 112640K, used 108756K [0x00000000f5580000, 0x00000000fdd00000, 0x0000000100000000)
  eden space 95744K, 100% used [0x00000000f5580000,0x00000000fb300000,0x00000000fb300000)
  from space 16896K, 77% used [0x00000000fcc80000,0x00000000fd935128,0x00000000fdd00000)
  to   space 21504K, 0% used [0x00000000fb300000,0x00000000fb300000,0x00000000fc800000)
 ParOldGen       total 97792K, used 41746K [0x00000000e0000000, 0x00000000e5f80000, 0x00000000f5580000)
  object space 97792K, 42% used [0x00000000e0000000,0x00000000e28c4bc0,0x00000000e5f80000)
 Metaspace       used 71745K, capacity 77582K, committed 77696K, reserved 1116160K
  class space    used 8913K, capacity 10790K, committed 10880K, reserved 1048576K
Event: 28.421 GC heap after
Heap after GC invocations=14 (full 3):
 PSYoungGen      total 117248K, used 21483K [0x00000000f5580000, 0x00000000ff800000, 0x0000000100000000)
  eden space 95744K, 0% used [0x00000000f5580000,0x00000000f5580000,0x00000000fb300000)
  from space 21504K, 99% used [0x00000000fb300000,0x00000000fc7fad68,0x00000000fc800000)
  to   space 27136K, 0% used [0x00000000fdd80000,0x00000000fdd80000,0x00000000ff800000)
 ParOldGen       total 97792K, used 49586K [0x00000000e0000000, 0x00000000e5f80000, 0x00000000f5580000)
  object space 97792K, 50% used [0x00000000e0000000,0x00000000e306c9c0,0x00000000e5f80000)
 Metaspace       used 71745K, capacity 77582K, committed 77696K, reserved 1116160K
  class space    used 8913K, capacity 10790K, committed 10880K, reserved 1048576K
}
Event: 79.651 GC heap before
{Heap before GC invocations=15 (full 3):
 PSYoungGen      total 117248K, used 117227K [0x00000000f5580000, 0x00000000ff800000, 0x0000000100000000)
  eden space 95744K, 100% used [0x00000000f5580000,0x00000000fb300000,0x00000000fb300000)
  from space 21504K, 99% used [0x00000000fb300000,0x00000000fc7fad68,0x00000000fc800000)
  to   space 27136K, 0% used [0x00000000fdd80000,0x00000000fdd80000,0x00000000ff800000)
 ParOldGen       total 97792K, used 49586K [0x00000000e0000000, 0x00000000e5f80000, 0x00000000f5580000)
  object space 97792K, 50% used [0x00000000e0000000,0x00000000e306c9c0,0x00000000e5f80000)
 Metaspace       used 73034K, capacity 78816K, committed 78976K, reserved 1118208K
  class space    used 8964K, capacity 10795K, committed 10880K, reserved 1048576K
Event: 79.675 GC heap after
Heap after GC invocations=15 (full 3):
 PSYoungGen      total 136192K, used 20751K [0x00000000f5580000, 0x00000000ff900000, 0x0000000100000000)
  eden space 109056K, 0% used [0x00000000f5580000,0x00000000f5580000,0x00000000fc000000)
  from space 27136K, 76% used [0x00000000fdd80000,0x00000000ff1c3cb0,0x00000000ff800000)
  to   space 29184K, 0% used [0x00000000fc000000,0x00000000fc000000,0x00000000fdc80000)
 ParOldGen       total 97792K, used 49594K [0x00000000e0000000, 0x00000000e5f80000, 0x00000000f5580000)
  object space 97792K, 50% used [0x00000000e0000000,0x00000000e306e9c0,0x00000000e5f80000)
 Metaspace       used 73034K, capacity 78816K, committed 78976K, reserved 1118208K
  class space    used 8964K, capacity 10795K, committed 10880K, reserved 1048576K
}
Event: 181.945 GC heap before
{Heap before GC invocations=16 (full 3):
 PSYoungGen      total 136192K, used 129807K [0x00000000f5580000, 0x00000000ff900000, 0x0000000100000000)
  eden space 109056K, 100% used [0x00000000f5580000,0x00000000fc000000,0x00000000fc000000)
  from space 27136K, 76% used [0x00000000fdd80000,0x00000000ff1c3cb0,0x00000000ff800000)
  to   space 29184K, 0% used [0x00000000fc000000,0x00000000fc000000,0x00000000fdc80000)
 ParOldGen       total 97792K, used 49594K [0x00000000e0000000, 0x00000000e5f80000, 0x00000000f5580000)
  object space 97792K, 50% used [0x00000000e0000000,0x00000000e306e9c0,0x00000000e5f80000)
 Metaspace       used 76853K, capacity 82844K, committed 83200K, reserved 1120256K
  class space    used 9405K, capacity 11407K, committed 11520K, reserved 1048576K
Event: 181.967 GC heap after
Heap after GC invocations=16 (full 3):
 PSYoungGen      total 138240K, used 24573K [0x00000000f5580000, 0x0000000100000000, 0x0000000100000000)
  eden space 109056K, 0% used [0x00000000f5580000,0x00000000f5580000,0x00000000fc000000)
  from space 29184K, 84% used [0x00000000fc000000,0x00000000fd7ff6f8,0x00000000fdc80000)
  to   space 31744K, 0% used [0x00000000fe100000,0x00000000fe100000,0x0000000100000000)
 ParOldGen       total 97792K, used 49602K [0x00000000e0000000, 0x00000000e5f80000, 0x00000000f5580000)
  object space 97792K, 50% used [0x00000000e0000000,0x00000000e30709c0,0x00000000e5f80000)
 Metaspace       used 76853K, capacity 82844K, committed 83200K, reserved 1120256K
  class space    used 9405K, capacity 11407K, committed 11520K, reserved 1048576K
}
Event: 208.405 GC heap before
{Heap before GC invocations=17 (full 3):
 PSYoungGen      total 138240K, used 129852K [0x00000000f5580000, 0x0000000100000000, 0x0000000100000000)
  eden space 109056K, 96% used [0x00000000f5580000,0x00000000fbc4fa00,0x00000000fc000000)
  from space 29184K, 84% used [0x00000000fc000000,0x00000000fd7ff6f8,0x00000000fdc80000)
  to   space 31744K, 0% used [0x00000000fe100000,0x00000000fe100000,0x0000000100000000)
 ParOldGen       total 97792K, used 49602K [0x00000000e0000000, 0x00000000e5f80000, 0x00000000f5580000)
  object space 97792K, 50% used [0x00000000e0000000,0x00000000e30709c0,0x00000000e5f80000)
 Metaspace       used 77348K, capacity 83548K, committed 83712K, reserved 1122304K
  class space    used 9410K, capacity 11407K, committed 11520K, reserved 1048576K
Event: 208.423 GC heap after
Heap after GC invocations=17 (full 3):
 PSYoungGen      total 140800K, used 21831K [0x00000000f5580000, 0x0000000100000000, 0x0000000100000000)
  eden space 109056K, 0% used [0x00000000f5580000,0x00000000f5580000,0x00000000fc000000)
  from space 31744K, 68% used [0x00000000fe100000,0x00000000ff651c58,0x0000000100000000)
  to   space 32768K, 0% used [0x00000000fc000000,0x00000000fc000000,0x00000000fe000000)
 ParOldGen       total 97792K, used 49610K [0x00000000e0000000, 0x00000000e5f80000, 0x00000000f5580000)
  object space 97792K, 50% used [0x00000000e0000000,0x00000000e30729c0,0x00000000e5f80000)
 Metaspace       used 77348K, capacity 83548K, committed 83712K, reserved 1122304K
  class space    used 9410K, capacity 11407K, committed 11520K, reserved 1048576K
}
Event: 208.423 GC heap before
{Heap before GC invocations=18 (full 4):
 PSYoungGen      total 140800K, used 21831K [0x00000000f5580000, 0x0000000100000000, 0x0000000100000000)
  eden space 109056K, 0% used [0x00000000f5580000,0x00000000f5580000,0x00000000fc000000)
  from space 31744K, 68% used [0x00000000fe100000,0x00000000ff651c58,0x0000000100000000)
  to   space 32768K, 0% used [0x00000000fc000000,0x00000000fc000000,0x00000000fe000000)
 ParOldGen       total 97792K, used 49610K [0x00000000e0000000, 0x00000000e5f80000, 0x00000000f5580000)
  object space 97792K, 50% used [0x00000000e0000000,0x00000000e30729c0,0x00000000e5f80000)
 Metaspace       used 77348K, capacity 83548K, committed 83712K, reserved 1122304K
  class space    used 9410K, capacity 11407K, committed 11520K, reserved 1048576K
Event: 208.936 GC heap after
Heap after GC invocations=18 (full 4):
 PSYoungGen      total 140800K, used 0K [0x00000000f5580000, 0x0000000100000000, 0x0000000100000000)
  eden space 109056K, 0% used [0x00000000f5580000,0x00000000f5580000,0x00000000fc000000)
  from space 31744K, 0% used [0x00000000fe100000,0x00000000fe100000,0x0000000100000000)
  to   space 32768K, 0% used [0x00000000fc000000,0x00000000fc000000,0x00000000fe000000)
 ParOldGen       total 97792K, used 54435K [0x00000000e0000000, 0x00000000e5f80000, 0x00000000f5580000)
  object space 97792K, 55% used [0x00000000e0000000,0x00000000e3528e10,0x00000000e5f80000)
 Metaspace       used 77348K, capacity 83548K, committed 83712K, reserved 1122304K
  class space    used 9410K, capacity 11407K, committed 11520K, reserved 1048576K
}

Deoptimization events (10 events):
Event: 261.269 Thread 0x0000000003f6e800 Uncommon trap: reason=class_check action=maybe_recompile pc=0x00000000121aa8b4 method=org.eclipse.e4.core.internal.contexts.TrackableComputationExt.update(Lorg/eclipse/e4/core/internal/contexts/ContextChangeEvent;)Z @ 62
Event: 261.269 Thread 0x0000000003f6e800 Uncommon trap: reason=class_check action=maybe_recompile pc=0x0000000012143bd0 method=org.eclipse.e4.core.internal.contexts.ContextObjectSupplier$ContextInjectionListener.update(Lorg/eclipse/e4/core/contexts/IEclipseContext;I[Ljava/lang/Object;)Z @ 173
Event: 261.269 Thread 0x0000000003f6e800 Uncommon trap: reason=class_check action=maybe_recompile pc=0x00000000121aa8b4 method=org.eclipse.e4.core.internal.contexts.TrackableComputationExt.update(Lorg/eclipse/e4/core/internal/contexts/ContextChangeEvent;)Z @ 62
Event: 261.269 Thread 0x0000000003f6e800 Uncommon trap: reason=class_check action=maybe_recompile pc=0x0000000012143bd0 method=org.eclipse.e4.core.internal.contexts.ContextObjectSupplier$ContextInjectionListener.update(Lorg/eclipse/e4/core/contexts/IEclipseContext;I[Ljava/lang/Object;)Z @ 173
Event: 261.334 Thread 0x0000000003f6e800 Uncommon trap: reason=predicate action=maybe_recompile pc=0x0000000010a5f710 method=java.util.concurrent.CopyOnWriteArrayList.indexOf(Ljava/lang/Object;[Ljava/lang/Object;II)I @ 41
Event: 261.341 Thread 0x0000000003f6e800 Uncommon trap: reason=unstable_if action=reinterpret pc=0x0000000011c586cc method=sun.nio.cs.UTF_8$Encoder.encodeArrayLoop(Ljava/nio/CharBuffer;Ljava/nio/ByteBuffer;)Ljava/nio/charset/CoderResult; @ 87
Event: 441.527 Thread 0x0000000007db3000 Uncommon trap: reason=null_check action=make_not_entrant pc=0x0000000010aa9e88 method=org.eclipse.core.runtime.internal.adaptor.EclipseLazyStarter.shouldActivateFor(Ljava/lang/String;Lorg/eclipse/osgi/baseadaptor/BaseData;Lorg/eclipse/core/runtime/internal«P#’ç™{@
Event: 441.619 Thread 0x0000000008d15800 Uncommon trap: reason=unstable_if action=reinterpret pc=0x0000000010b15ad0 method=org.eclipse.osgi.framework.internal.core.BundleContextImpl.dispatchEvent(Ljava/lang/Object;Ljava/lang/Object;ILjava/lang/Object;)V @ 16
Event: 441.623 Thread 0x0000000007db9800 Uncommon trap: reason=unstable_if action=reinterpret pc=0x0000000011eeccdc method=org.eclipse.core.internal.jobs.JobManager.nextJob()Lorg/eclipse/core/runtime/jobs/Job; @ 80
Event: 441.626 Thread 0x000000000dfc5800 Uncommon trap: reason=unstable_if action=reinterpret pc=0x0000000011ee2dc4 method=org.eclipse.core.internal.jobs.JobManager.nextJob()Lorg/eclipse/core/runtime/jobs/Job; @ 80

Internal exceptions (10 events):
Event: 261.014 Thread 0x0000000003f6e800 Implicit null exception at 0x0000000010d24270 to 0x0000000010d242c9
Event: 261.017 Thread 0x0000000020301800 Implicit null exception at 0x00000000114ab218 to 0x00000000114ab4f9
Event: 261.327 Thread 0x0000000008ef6800 Exception <a 'java/lang/InterruptedException'> (0x00000000fa807a30) thrown at [C:\re\workspace\8-2-build-windows-amd64-cygwin\jdk8u45\3627\hotspot\src\share\vm\runtime\objectMonitor.cpp, line 1683]
Event: 261.474 Thread 0x0000000020302800 Exception <a 'java/net/ConnectException': Connection refused: connect> (0x00000000f977b1b8) thrown at [C:\re\workspace\8-2-build-windows-amd64-cygwin\jdk8u45\3627\hotspot\src\share\vm\prims\jni.cpp, line 735]
Event: 272.581 Thread 0x000000000dfc6000 Exception <a 'java/lang/InterruptedException'> (0x00000000faa72100) thrown at [C:\re\workspace\8-2-build-windows-amd64-cygwin\jdk8u45\3627\hotspot\src\share\vm\runtime\objectMonitor.cpp, line 1683]
Event: 441.527 Thread 0x0000000007db3000 Implicit null exception at 0x0000000010aa817b to 0x0000000010aa9e65
Event: 441.636 Thread 0x0000000008cd4800 Exception <a 'java/lang/InterruptedException': sleep interrupted> (0x00000000fada1fb0) thrown at [C:\re\workspace\8-2-build-windows-amd64-cygwin\jdk8u45\3627\hotspot\src\share\vm\prims\jvm.cpp, line 3211]
Event: 441.643 Thread 0x0000000008fbb800 Exception <a 'java/lang/InterruptedException'> (0x00000000faeb2998) thrown at [C:\re\workspace\8-2-build-windows-amd64-cygwin\jdk8u45\3627\hotspot\src\share\vm\runtime\objectMonitor.cpp, line 1683]
Event: 441.651 Thread 0x0000000020cde800 Exception <a 'java/lang/InterruptedException'> (0x00000000faf58630) thrown at [C:\re\workspace\8-2-build-windows-amd64-cygwin\jdk8u45\3627\hotspot\src\share\vm\runtime\objectMonitor.cpp, line 1683]
Event: 442.303 Thread 0x0000000008d15800 Exception <a 'java/lang/InterruptedException'> (0x00000000facd68c8) thrown at [C:\re\workspace\8-2-build-windows-amd64-cygwin\jdk8u45\3627\hotspot\src\share\vm\runtime\objectMonitor.cpp, line 1683]

Events (10 events):
Event: 442.302 loading class java/util/IdentityHashMap$KeyIterator
Event: 442.302 loading class java/util/IdentityHashMap$IdentityHashMapIterator
Event: 442.302 loading class java/util/IdentityHashMap$IdentityHashMapIterator done
Event: 442.302 loading class java/util/IdentityHashMap$KeyIterator done
Event: 442.303 Thread 0x0000000007dad000 Thread added: 0x0000000007dad000
Event: 442.303 Thread 0x0000000008d15800 Thread exited: 0x0000000008d15800
Event: 442.303 Thread 0x0000000008beb000 Thread exited: 0x0000000008beb000
Event: 442.303 Thread 0x0000000007dad000 Thread exited: 0x0000000007dad000
Event: 442.304 Thread 0x00000000068b5800 Thread exited: 0x00000000068b5800
Event: 442.304 Executing VM operation: Exit


Dynamic libraries:
0x0000000000400000 - 0x000000000044f000 	C:\Xilinx\SDK\2015.4\eclipse\win64.o\eclipse.exe
0x0000000077910000 - 0x0000000077aaf000 	C:\Windows\SYSTEM32\ntdll.dll
0x00000000777f0000 - 0x000000007790f000 	C:\Windows\system32\kernel32.dll
0x000007fefd810000 - 0x000007fefd87a000 	C:\Windows\system32\KERNELBASE.dll
0x00000000776f0000 - 0x00000000777ea000 	C:\Windows\system32\USER32.dll
0x000007fefde80000 - 0x000007fefdee7000 	C:\Windows\system32\GDI32.dll
0x000007feff810000 - 0x000007feff81e000 	C:\Windows\system32\LPK.dll
0x000007fefe240000 - 0x000007fefe30b000 	C:\Windows\system32\USP10.dll
0x000007feff3e0000 - 0x000007feff47f000 	C:\Windows\system32\msvcrt.dll
0x000007fefc630000 - 0x000007fefc824000 	C:\Windows\WinSxS\amd64_microsoft.windows.common-controls_6595b64144ccf1df_6.0.7601.18837_none_fa3b1e3d17594757\COMCTL32.dll
0x000007fefde00000 - 0x000007fefde71000 	C:\Windows\system32\SHLWAPI.dll
0x000007feff3b0000 - 0x000007feff3de000 	C:\Windows\system32\IMM32.DLL
0x000007feff4f0000 - 0x000007feff5f9000 	C:\Windows\system32\MSCTF.dll
0x000007fefd520000 - 0x000007fefd550000 	C:\Windows\system32\nvinitx.dll
0x000007fefd510000 - 0x000007fefd51c000 	C:\Windows\system32\VERSION.dll
0x000007feff2d0000 - 0x000007feff3ab000 	C:\Windows\system32\ADVAPI32.dll
0x000007feff4d0000 - 0x000007feff4ef000 	C:\Windows\SYSTEM32\sechost.dll
0x000007feff600000 - 0x000007feff72d000 	C:\Windows\system32\RPCRT4.dll
0x0000000072510000 - 0x0000000072516000 	C:\Program Files\NVIDIA Corporation\CoProcManager\detoured.dll
0x000007fef8820000 - 0x000007fef8858000 	C:\Program Files\NVIDIA Corporation\CoProcManager\nvd3d9wrapx.dll
0x000007feffa20000 - 0x000007feffbf7000 	C:\Windows\system32\SETUPAPI.dll
0x000007fefd880000 - 0x000007fefd8b6000 	C:\Windows\system32\CFGMGR32.dll
0x000007feff730000 - 0x000007feff80a000 	C:\Windows\system32\OLEAUT32.dll
0x000007feff820000 - 0x000007feffa1d000 	C:\Windows\system32\ole32.dll
0x000007fefd7d0000 - 0x000007fefd7ea000 	C:\Windows\system32\DEVOBJ.dll
0x000007fef87f0000 - 0x000007fef8814000 	C:\Program Files\NVIDIA Corporation\CoProcManager\nvdxgiwrapx.dll
0x0000000072000000 - 0x0000000072012000 	C:\Xilinx\SDK\2015.4\eclipse\win64.o\plugins\org.eclipse.equinox.launcher.win32.win32.x86_64_1.1.200.v20140116-2212\eclipse_1503.dll
0x000007fefb930000 - 0x000007fefb986000 	C:\Windows\system32\uxtheme.dll
0x0000000180000000 - 0x0000000180027000 	C:\Program Files (x86)\kbasesrv\knbdefdll64.dll
0x0000000077ac0000 - 0x0000000077ac7000 	C:\Windows\system32\PSAPI.DLL
0x000007fefd450000 - 0x000007fefd4a7000 	C:\Windows\system32\apphelp.dll
0x000007fef7b00000 - 0x000007fef83d1000 	C:\Windows\system32\SOGOUPY.IME
0x000007fefc830000 - 0x000007fefc837000 	C:\Windows\system32\MSIMG32.dll
0x000007fefad80000 - 0x000007fefadd4000 	C:\Windows\system32\OLEACC.dll
0x000007fefc190000 - 0x000007fefc1bd000 	C:\Windows\system32\ntmarta.dll
0x000007fefda30000 - 0x000007fefda82000 	C:\Windows\system32\WLDAP32.dll
0x000007fefe310000 - 0x000007feff09b000 	C:\Windows\system32\SHELL32.dll
0x0000000010000000 - 0x0000000010065000 	C:\Program Files\Lenovo\Bluetooth Software\btmmhook.dll
0x0000000052b50000 - 0x00000000533d3000 	C:\Xilinx\SDK\2015.4\tps\win64\jre\bin\server\jvm.dll
0x000007feefd00000 - 0x000007feefd09000 	C:\Windows\system32\WSOCK32.dll
0x000007feff480000 - 0x000007feff4cd000 	C:\Windows\system32\WS2_32.dll
0x000007fefd9a0000 - 0x000007fefd9a8000 	C:\Windows\system32\NSI.dll
0x000007fef7ac0000 - 0x000007fef7afb000 	C:\Windows\system32\WINMM.dll
0x0000000070a40000 - 0x0000000070b12000 	C:\Windows\system32\MSVCR100.dll
0x0000000061210000 - 0x000000006121f000 	C:\Xilinx\SDK\2015.4\tps\win64\jre\bin\verify.dll
0x0000000060220000 - 0x0000000060249000 	C:\Xilinx\SDK\2015.4\tps\win64\jre\bin\java.dll
0x000007fef4050000 - 0x000007fef42b7000 	C:\Program Files (x86)\SogouInput\Components\PicFace\1.1.0.1787\PicFace64.dll
0x000007feff0a0000 - 0x000007feff137000 	C:\Windows\system32\COMDLG32.dll
0x000007fefd5e0000 - 0x000007fefd5ef000 	C:\Windows\system32\profapi.dll
0x0000000060200000 - 0x0000000060216000 	C:\Xilinx\SDK\2015.4\tps\win64\jre\bin\zip.dll
0x000007fefcd90000 - 0x000007fefcda8000 	C:\Windows\system32\CRYPTSP.dll
0x000007fefca90000 - 0x000007fefcad7000 	C:\Windows\system32\rsaenh.dll
0x000007fefd8d0000 - 0x000007fefd8ee000 	C:\Windows\system32\USERENV.dll
0x000007fefd3a0000 - 0x000007fefd3af000 	C:\Windows\system32\CRYPTBASE.dll
0x000000005eb20000 - 0x000000005eb3a000 	C:\Xilinx\SDK\2015.4\tps\win64\jre\bin\net.dll
0x000007fefcd30000 - 0x000007fefcd85000 	C:\Windows\system32\mswsock.dll
0x000007fefcd20000 - 0x000007fefcd27000 	C:\Windows\System32\wship6.dll
0x000007fefaf10000 - 0x000007fefaf37000 	C:\Windows\system32\IPHLPAPI.DLL
0x000007fefaef0000 - 0x000007fefaefb000 	C:\Windows\system32\WINNSI.DLL
0x000007fefaab0000 - 0x000007fefaac1000 	C:\Windows\system32\dhcpcsvc6.DLL
0x000007fefaa90000 - 0x000007fefaaa8000 	C:\Windows\system32\dhcpcsvc.DLL
0x000000005e3a0000 - 0x000000005e3b1000 	C:\Xilinx\SDK\2015.4\tps\win64\jre\bin\nio.dll
0x0000000009820000 - 0x00000000098db000 	C:\Program Files (x86)\SogouInput\8.8.0.1814\Resource.dll
0x000007fefb510000 - 0x000007fefb528000 	C:\Windows\system32\dwmapi.dll
0x000007fefb8f0000 - 0x000007fefb905000 	C:\Windows\system32\NLAapi.dll
0x000007fef4540000 - 0x000007fef4555000 	C:\Windows\system32\napinsp.dll
0x000007fef4520000 - 0x000007fef4539000 	C:\Windows\system32\pnrpnsp.dll
0x000007fefcbb0000 - 0x000007fefcc0b000 	C:\Windows\system32\DNSAPI.dll
0x000007fef98b0000 - 0x000007fef98bb000 	C:\Windows\System32\winrnr.dll
0x000007fef4510000 - 0x000007fef4520000 	C:\Windows\system32\wshbth.dll
0x0000000063560000 - 0x0000000063569000 	C:\Program Files\National Instruments\Shared\mDNS Responder\nimdnsNSP.dll
0x0000000063550000 - 0x000000006355c000 	C:\Windows\system32\nimdnsResponder.dll
0x0000000072c60000 - 0x0000000072d03000 	C:\Windows\WinSxS\amd64_microsoft.vc90.crt_1fc8b3b9a1e18e3b_9.0.30729.6161_none_08e61857a83bc251\MSVCR90.dll
0x000007fefc420000 - 0x000007fefc427000 	C:\Windows\System32\wshtcpip.dll
0x000007fef9430000 - 0x000007fef9438000 	C:\Windows\system32\rasadhlp.dll
0x000007fefaae0000 - 0x000007fefab33000 	C:\Windows\System32\fwpuclnt.dll
0x000000000c980000 - 0x000000000ca28000 	C:\Users\zheng\.Xilinx\SDK\2015.4\org.eclipse.osgi\bundles\303\1\.cp\swt-win32-4335.dll
0x000007fefb1b0000 - 0x000007fefb221000 	C:\Windows\system32\WINSPOOL.DRV
0x000007fefdef0000 - 0x000007fefe211000 	C:\Windows\system32\WININET.dll
0x000007fefd990000 - 0x000007fefd994000 	C:\Windows\system32\api-ms-win-downlevel-user32-l1-1-0.dll
0x000000000b970000 - 0x000000000b974000 	C:\Windows\system32\api-ms-win-downlevel-shlwapi-l1-1-0.dll
0x000007fefd770000 - 0x000007fefd774000 	C:\Windows\system32\api-ms-win-downlevel-version-l1-1-0.dll
0x000007fefd8c0000 - 0x000007fefd8c3000 	C:\Windows\system32\api-ms-win-downlevel-normaliz-l1-1-0.dll
0x0000000077ab0000 - 0x0000000077ab3000 	C:\Windows\system32\normaliz.DLL
0x000007fefda90000 - 0x000007fefdd5a000 	C:\Windows\system32\iertutil.dll
0x000007fefd7f0000 - 0x000007fefd7f5000 	C:\Windows\system32\api-ms-win-downlevel-advapi32-l1-1-0.dll
0x000007fefd600000 - 0x000007fefd76d000 	C:\Windows\system32\CRYPT32.dll
0x000007fefd5f0000 - 0x000007fefd5ff000 	C:\Windows\system32\MSASN1.dll
0x000007fefbc40000 - 0x000007fefbd6c000 	C:\Windows\system32\propsys.dll
0x000007fefdd60000 - 0x000007fefddf9000 	C:\Windows\system32\CLBCatQ.DLL
0x000000000ca40000 - 0x000000000ca5e000 	C:\Users\zheng\.Xilinx\SDK\2015.4\org.eclipse.osgi\bundles\303\1\.cp\swt-gdip-win32-4335.dll
0x000007fefb6d0000 - 0x000007fefb8e7000 	C:\Windows\WinSxS\amd64_microsoft.windows.gdiplus_6595b64144ccf1df_1.1.7601.23894_none_145eb2808b8d6928\gdiplus.dll
0x000007fefb360000 - 0x000007fefb4c1000 	C:\Windows\system32\WindowsCodecs.dll
0x000000000d220000 - 0x000000000d232000 	C:\Users\zheng\.Xilinx\SDK\2015.4\org.eclipse.osgi\bundles\121\1\.cp\os\win32\x86_64\localfile_1_0_0.dll
0x000007fef59c0000 - 0x000007fef59d1000 	C:\Users\zheng\.Xilinx\SDK\2015.4\org.eclipse.osgi\bundles\124\1\.cp\jWinHttp-1.0.0.dll
0x000007fef9d30000 - 0x000007fef9da1000 	C:\Windows\system32\WINHTTP.dll
0x000007fef9cc0000 - 0x000007fef9d25000 	C:\Windows\system32\webio.dll
0x000007fefd370000 - 0x000007fefd395000 	C:\Windows\system32\SspiCli.dll
0x000007fefc960000 - 0x000007fefc96a000 	C:\Windows\system32\credssp.dll
0x000007fefd4f0000 - 0x000007fefd504000 	C:\Windows\system32\RpcRtRemote.dll
0x000007fecb5c0000 - 0x000007fecb74a000 	C:\Program Files (x86)\SogouInput\Components\SogouFlash\1.0.0.203\SogouFlashDll64.dll
0x000007fef5ae0000 - 0x000007fef5aef000 	C:\Xilinx\SDK\2015.4\lib\win64.o\librdi_repo_manager.dll
0x000007feed090000 - 0x000007feed0ba000 	C:\Xilinx\SDK\2015.4\lib\win64.o\libisl_sysinfo.dll
0x000007fee8260000 - 0x000007fee8334000 	C:\Windows\system32\MSVCR110.dll
0x000007feebab0000 - 0x000007feebb57000 	C:\Windows\system32\MSVCP110.dll
0x000007fec3f50000 - 0x000007fec48dd000 	C:\Xilinx\SDK\2015.4\lib\win64.o\librdi_common.dll
0x000007fec4b70000 - 0x000007fec4ede000 	C:\Xilinx\SDK\2015.4\lib\win64.o\libCOIN-all.dll
0x000007fec3d30000 - 0x000007fec3f4e000 	C:\Xilinx\SDK\2015.4\lib\win64.o\libXil_lmgr11.dll
0x000007fefb9f0000 - 0x000007fefba06000 	C:\Windows\system32\NETAPI32.dll
0x000007fefb9e0000 - 0x000007fefb9ec000 	C:\Windows\system32\netutils.dll
0x000007fefd100000 - 0x000007fefd123000 	C:\Windows\system32\srvcli.dll
0x000007fefb910000 - 0x000007fefb925000 	C:\Windows\system32\wkscli.dll
0x000007fefd790000 - 0x000007fefd7cb000 	C:\Windows\system32\WINTRUST.dll
0x000007fef59f0000 - 0x000007fef5a00000 	C:\Xilinx\SDK\2015.4\lib\win64.o\libboost_date_time.dll
0x000007fee7c30000 - 0x000007fee7c52000 	C:\Xilinx\SDK\2015.4\lib\win64.o\libboost_filesystem.dll
0x000007fef59e0000 - 0x000007fef59e9000 	C:\Xilinx\SDK\2015.4\lib\win64.o\libboost_system.dll
0x000007fee7bb0000 - 0x000007fee7c24000 	C:\Xilinx\SDK\2015.4\lib\win64.o\libboost_program_options.dll
0x000007fecaf90000 - 0x000007fecb08a000 	C:\Xilinx\SDK\2015.4\lib\win64.o\libboost_regex.dll
0x000007fef0540000 - 0x000007fef0553000 	C:\Xilinx\SDK\2015.4\lib\win64.o\libboost_signals.dll
0x000007feefdb0000 - 0x000007feefdcd000 	C:\Xilinx\SDK\2015.4\lib\win64.o\libboost_thread.dll
0x000007fef0520000 - 0x000007fef052b000 	C:\Xilinx\SDK\2015.4\lib\win64.o\libboost_chrono.dll
0x000007fef59b0000 - 0x000007fef59bb000 	C:\Xilinx\SDK\2015.4\lib\win64.o\libboost_xilinx.dll
0x000007fecc620000 - 0x000007fecc6a0000 	C:\Xilinx\SDK\2015.4\lib\win64.o\libhdlpsolve.dll
0x000007fecc130000 - 0x000007fecc1ca000 	C:\Xilinx\SDK\2015.4\lib\win64.o\libhdxml.dll
0x000007fec38f0000 - 0x000007fec3d24e00 	C:\Xilinx\SDK\2015.4\lib\win64.o\libisl_iostreams.dll
0x000007feeba90000 - 0x000007feebaa6000 	C:\Xilinx\SDK\2015.4\lib\win64.o\libboost_iostreams.dll
0x000007fee7b80000 - 0x000007fee7ba3000 	C:\Xilinx\SDK\2015.4\lib\win64.o\librdizlib.dll
0x000007fee71f0000 - 0x000007fee7213000 	C:\Xilinx\SDK\2015.4\lib\win64.o\libisl_iosutils.dll

VM Arguments:
jvm_args: -Dcom.xilinx.sdk.args.hwspec=D:/FPGA/V_project/final_2/lcd7_touch.sdk/system_wrapper.hdf -Xms64m -Xmx512m & 
java_command: <unknown>
java_class_path (initial): C:\Xilinx\SDK\2015.4\eclipse\win64.o\\plugins/org.eclipse.equinox.launcher_1.3.0.v20130327-1440.jar
Launcher Type: generic

Environment Variables:
PATH=C:/Xilinx/SDK/2015.4/tps/win64/jre/bin/server;C:/Xilinx/SDK/2015.4/tps/win64/jre/bin;C:/Xilinx/SDK/2015.4/tps/win64/jre/lib/amd64;C:\Xilinx\SDK\2015.4\gnuwin\bin;C:\Xilinx\SDK\2015.4\gnu\microblaze\nt\bin;C:\Xilinx\SDK\2015.4\gnu\microblaze\linux_toolchain\nt64_le\bin;C:\Xilinx\SDK\2015.4\gnu\microblaze\linux_toolchain\nt64_be\bin;C:\Xilinx\SDK\2015.4\gnu\arm\nt\bin;C:\Xilinx\SDK\2015.4\gnu\aarch64\nt\aarch64-none\bin;C:\Xilinx\SDK\2015.4\gnu\aarch64\nt\aarch64-linux\bin;C:\Xilinx\SDK\2015.4\gnu\armr5\nt\gcc-arm-none-eabi\bin;C:\Xilinx\SDK\2015.4\gnu\aarch32\nt\gcc-arm-none-eabi\bin;C:\Xilinx\SDK\2015.4\gnu\aarch32\nt\gcc-arm-linux-gnueabi\bin;C:\Xilinx\SDK\2015.4\bin;C:\Xilinx\SDK\2015.4\lib\win64.o;C:\Xilinx\SDK\2015.4\tps\win64\jre\bin\server;C:\Xilinx\SDK\2015.4\tps\win64\jre\bin;C:\Xilinx\Vivado\2015.4\ids_lite\ISE\bin\nt64;C:\Xilinx\Vivado\2015.4\ids_lite\ISE\lib\nt64;C:\Xilinx\Vivado\2015.4\bin;C:\Xilinx\Vivado\2015.4\lib\win64.o;C:\Xilinx\Vivado\2015.4\tps\win64\jre\bin\server;C:\Xilinx\Vivado\2015.4\tps\win64\jre\bin;C:\Xilinx\Vivado_HLS\2015.4\bin;C:\Program Files (x86)\Intel\iCLS Client\;C:\Program Files\Intel\iCLS Client\;C:\Windows\system32;C:\Windows;C:\Windows\System32\Wbem;C:\Windows\System32\WindowsPowerShell\v1.0\;C:\Program Files\Intel\Intel(R) Management Engine Components\DAL;C:\Program Files\Intel\Intel(R) Management Engine Components\IPT;C:\Program Files (x86)\Intel\Intel(R) Management Engine Components\DAL;C:\Program Files (x86)\Intel\Intel(R) Management Engine Components\IPT;C:\Program Files (x86)\Intel\OpenCL SDK\1.5\bin\x86;C:\Program Files (x86)\Intel\OpenCL SDK\1.5\bin\x64;C:\Program Files\Lenovo\Bluetooth Software\;C:\Program Files\Lenovo\Bluetooth Software\syswow64;D:\study\matlab14\runtime\win64;D:\study\matlab14\bin;D:\study\matlab14\polyspace\bin;C:\Users\zheng\AppData\Local\Programs\Python\Python36\Scripts\;C:\Users\zheng\AppData\Local\Programs\Python\Python36\;C:\modeltech64_10.1c\win64;d:\FPGA\V_project\final_2;
USERNAME=zheng
OS=Windows_NT
PROCESSOR_IDENTIFIER=Intel64 Family 6 Model 58 Stepping 9, GenuineIntel



---------------  S Y S T E M  ---------------

OS: Windows 7 , 64 bit Build 7601 (6.1.7601.24117)

CPU:total 4 (2 cores per cpu, 2 threads per core) family 6 model 58 stepping 9, cmov, cx8, fxsr, mmx, sse, sse2, sse3, ssse3, sse4.1, sse4.2, popcnt, avx, aes, clmul, erms, ht, tsc, tscinvbit, tscinv

Memory: 4k page, physical 8254308k(4301308k free), swap 16506740k(11916792k free)

vm_info: Java HotSpot(TM) 64-Bit Server VM (25.45-b02) for windows-amd64 JRE (1.8.0_45-b15), built on Apr 30 2015 12:40:44 by "java_re" with MS VC++ 10.0 (VS2010)

time: Thu May 17 14:40:59 2018
elapsed time: 442 seconds (0d 0h 7m 22s)

