#
# A fatal error has been detected by the Java Runtime Environment:
#
#  Internal Error (0xc000000d), pid=1320, tid=7460
#
# JRE version: Java(TM) SE Runtime Environment (8.0_45-b15) (build 1.8.0_45-b15)
# Java VM: Java HotSpot(TM) 64-Bit Server VM (25.45-b02 mixed mode windows-amd64 compressed oops)
# Problematic frame:
# C  [ntdll.dll+0x95415]
#
# Failed to write core dump. Minidumps are not enabled by default on client versions of Windows
#
# If you would like to submit a bug report, please visit:
#   http://bugreport.java.com/bugreport/crash.jsp
#

---------------  T H R E A D  ---------------

Current thread (0x00000000068cb000):  VMThread [stack: 0x0000000003670000,0x0000000003770000] [id=7460]

siginfo: ExceptionCode=0xc000000d

Registers:
RAX=0x0000000074a42cc3, RBX=0x0000000000000000, RCX=0x000000000376ed10, RDX=0x0000000000000000
RSP=0x000000000376f320, RBP=0x000000000920b630, RSI=0x000007fee8267408, RDI=0x000000000376f468
R8 =0x0000000000000000, R9 =0x0000000000000000, R10=0x0000000000000000, R11=0x0000000000000246
R12=0x00000000006cae00, R13=0x00000000006cadd0, R14=0x000000000920b738, R15=0x0000000000000000
RIP=0x00000000779a5415, EFLAGS=0x0000000000000206

Top of Stack: (sp=0x000000000376f320)
0x000000000376f320:   0000000000000000 000007fee8267408
0x000000000376f330:   000000000376f468 0000000000000000
0x000000000376f340:   0000000000000050 0000000000610000
0x000000000376f350:   0000000000000000 0000000000000000
0x000000000376f360:   0000000000000002 0000000077937974
0x000000000376f370:   00000000c000000d 0000000000000000
0x000000000376f380:   00000000779a5415 0000000000000000
0x000000000376f390:   0000000000000000 0000000000000000
0x000000000376f3a0:   0000000000000000 0000000000000000
0x000000000376f3b0:   0000000000000000 0000000000000000
0x000000000376f3c0:   0000000000000000 0000000000000000
0x000000000376f3d0:   0000000000000000 0000000000000000
0x000000000376f3e0:   0000000000000000 0000000000000000
0x000000000376f3f0:   0000000000000000 0000000000000000
0x000000000376f400:   0000000000000000 00000000006cae00
0x000000000376f410:   0000000000000244 0000000077833458 

Instructions: (pc=0x00000000779a5415)
0x00000000779a53f5:   d7 4a fc ff b9 57 00 00 00 c7 44 24 50 0d 00 00
0x00000000779a5405:   c0 e8 75 74 fb ff 48 8d 4c 24 50 e8 db e5 fa ff
0x00000000779a5415:   4c 8b 1d 1c c2 09 00 4d 85 db 74 5b 65 48 8b 04
0x00000000779a5425:   25 30 00 00 00 f6 80 ee 17 00 00 08 74 12 65 48 


Register to memory mapping:

RAX=0x0000000074a42cc3 is an unknown value
RBX=0x0000000000000000 is an unknown value
RCX=0x000000000376ed10 is an unknown value
RDX=0x0000000000000000 is an unknown value
RSP=0x000000000376f320 is an unknown value
RBP=0x000000000920b630 is an unknown value
RSI=0x000007fee8267408 is an unknown value
RDI=0x000000000376f468 is an unknown value
R8 =0x0000000000000000 is an unknown value
R9 =0x0000000000000000 is an unknown value
R10=0x0000000000000000 is an unknown value
R11=0x0000000000000246 is an unknown value
R12=0x00000000006cae00 is an unknown value
R13=0x00000000006cadd0 is an unknown value
R14=0x000000000920b738 is an unknown value
R15=0x0000000000000000 is an unknown value


Stack: [0x0000000003670000,0x0000000003770000],  sp=0x000000000376f320,  free space=1020k
Native frames: (J=compiled Java code, j=interpreted, Vv=VM code, C=native code)
C  [ntdll.dll+0x95415]
C  [kernel32.dll+0x43458]
C  [MSVCR110.dll+0x752d]
C  [MSVCR110.dll+0x73c6]
C  [MSVCR110.dll+0x14cca]
C  [MSVCR110.dll+0x13edc]
C  [MSVCR110.dll+0x239e]
C  [MSVCR110.dll+0xaf9e]
C  [MSVCP110.dll+0x397b9]
C  [librdi_common.dll+0x14283e]
C  [librdi_common.dll+0x141449]
C  0x000007feecf22400
C  0x000007feecf22682
C  [ntdll.dll+0x375eb]
C  [ntdll.dll+0x3c040]
C  [MSVCR100.dll+0x20ccd]
V  [jvm.dll+0x20f135]
V  [jvm.dll+0x247ef7]
V  [jvm.dll+0x247196]
V  [jvm.dll+0x247631]
V  [jvm.dll+0x24784e]
V  [jvm.dll+0x29853a]
C  [MSVCR100.dll+0x21d9f]
C  [MSVCR100.dll+0x21e3b]
C  [kernel32.dll+0x159cd]
C  [ntdll.dll+0x5383d]

VM_Operation (0x000000000012f500): Exit, mode: safepoint, requested by thread 0x0000000003d9e800


---------------  P R O C E S S  ---------------

Java Threads: ( => current thread )
  0x000000000f6f9000 JavaThread "Thread-18" daemon [_thread_blocked, id=7736, stack(0x0000000026be0000,0x0000000026ce0000)]
  0x000000000cd1c000 JavaThread "TCF Locator DNS Lookup" daemon [_thread_blocked, id=8788, stack(0x0000000022960000,0x0000000022a60000)]
  0x000000000f80f000 JavaThread "TCF Locator Timer" daemon [_thread_blocked, id=5868, stack(0x0000000022860000,0x0000000022960000)]
  0x000000000f80e000 JavaThread "TCF Locator Receiver" daemon [_thread_in_native, id=8092, stack(0x0000000022760000,0x0000000022860000)]
  0x000000000f80c800 JavaThread "TCF Timer Dispatcher" daemon [_thread_blocked, id=4456, stack(0x0000000009b40000,0x0000000009c40000)]
  0x000000000d3c3800 JavaThread "EMF Reference Cleaner" daemon [_thread_blocked, id=7916, stack(0x000000000db00000,0x000000000dc00000)]
  0x0000000007f58000 JavaThread "Service Thread" daemon [_thread_blocked, id=9136, stack(0x00000000087b0000,0x00000000088b0000)]
  0x0000000007edd800 JavaThread "C1 CompilerThread2" daemon [_thread_blocked, id=3788, stack(0x00000000086b0000,0x00000000087b0000)]
  0x0000000007edc000 JavaThread "C2 CompilerThread1" daemon [_thread_blocked, id=7808, stack(0x00000000085b0000,0x00000000086b0000)]
  0x000000000693b800 JavaThread "C2 CompilerThread0" daemon [_thread_blocked, id=8104, stack(0x00000000084b0000,0x00000000085b0000)]
  0x0000000007ec2800 JavaThread "Attach Listener" daemon [_thread_blocked, id=7268, stack(0x00000000083b0000,0x00000000084b0000)]
  0x000000000693a800 JavaThread "Signal Dispatcher" daemon [_thread_blocked, id=7264, stack(0x00000000082b0000,0x00000000083b0000)]
  0x00000000068d8000 JavaThread "Finalizer" daemon [_thread_blocked, id=3728, stack(0x0000000007db0000,0x0000000007eb0000)]
  0x00000000068d0800 JavaThread "Reference Handler" daemon [_thread_blocked, id=5680, stack(0x0000000007cb0000,0x0000000007db0000)]
  0x0000000003d9e800 JavaThread "main" [_thread_blocked, id=9100, stack(0x0000000000030000,0x0000000000130000)]

Other Threads:
=>0x00000000068cb000 VMThread [stack: 0x0000000003670000,0x0000000003770000] [id=7460]

VM state:at safepoint (shutting down)

VM Mutex/Monitor currently owned by a thread:  ([mutex/lock_event])
[0x0000000003cb8980] Threads_lock - owner thread: 0x00000000068cb000

Heap:
 PSYoungGen      total 139776K, used 30617K [0x00000000f5580000, 0x00000000ffd80000, 0x0000000100000000)
  eden space 107520K, 28% used [0x00000000f5580000,0x00000000f7366520,0x00000000fbe80000)
  from space 32256K, 0% used [0x00000000fbe80000,0x00000000fbe80000,0x00000000fde00000)
  to   space 31744K, 0% used [0x00000000fde80000,0x00000000fde80000,0x00000000ffd80000)
 ParOldGen       total 99840K, used 57225K [0x00000000e0000000, 0x00000000e6180000, 0x00000000f5580000)
  object space 99840K, 57% used [0x00000000e0000000,0x00000000e37e2670,0x00000000e6180000)
 Metaspace       used 81122K, capacity 87686K, committed 88064K, reserved 1126400K
  class space    used 9860K, capacity 11907K, committed 12032K, reserved 1048576K

Card table byte_map: [0x0000000004930000,0x0000000004a40000] byte_map_base: 0x0000000004230000

Marking Bits: (ParMarkBitMap*) 0x0000000053354040
 Begin Bits: [0x0000000004e40000, 0x0000000005640000)
 End Bits:   [0x0000000005640000, 0x0000000005e40000)

Polling page: 0x00000000024b0000

CodeCache: size=245760Kb used=34764Kb max_used=34772Kb free=210995Kb
 bounds [0x0000000010070000, 0x00000000122a0000, 0x000000001f070000]
 total_blobs=10517 nmethods=9655 adapters=769
 compilation: enabled

Compilation events (10 events):
Event: 271.335 Thread 0x0000000007edd800 nmethod 11745 0x0000000012288c10 code [0x0000000012289020, 0x000000001228b5f8]
Event: 271.336 Thread 0x0000000007edd800 11746       3       org.eclipse.osgi.internal.serviceregistry.ServiceRegistry::removeServiceRegistration (139 bytes)
Event: 271.336 Thread 0x0000000007edd800 nmethod 11746 0x00000000102ecd50 code [0x00000000102ecf60, 0x00000000102ed9c8]
Event: 271.410 Thread 0x0000000007edc000 nmethod 11728 0x0000000012292dd0 code [0x0000000012293180, 0x00000000122963c0]
Event: 271.577 Thread 0x0000000007edd800 11747   !   3       org.eclipse.osgi.internal.baseadaptor.BaseStorage::compact (215 bytes)
Event: 271.580 Thread 0x0000000007edd800 nmethod 11747 0x000000001228efd0 code [0x000000001228f420, 0x00000000122918e8]
Event: 271.877 Thread 0x000000000693b800 11748       4       java.io.File::isDirectory (43 bytes)
Event: 271.881 Thread 0x000000000693b800 nmethod 11748 0x0000000010f6ce50 code [0x0000000010f6cfa0, 0x0000000010f6d1a8]
Event: 271.960 Thread 0x0000000007edd800 11749       3       org.eclipse.osgi.framework.internal.core.AbstractBundle::close (52 bytes)
Event: 271.961 Thread 0x0000000007edd800 nmethod 11749 0x0000000012299ed0 code [0x000000001229a100, 0x000000001229ae08]

GC Heap History (10 events):
Event: 145.845 GC heap before
{Heap before GC invocations=16 (full 3):
 PSYoungGen      total 125952K, used 119282K [0x00000000f5580000, 0x00000000fed80000, 0x0000000100000000)
  eden space 99328K, 100% used [0x00000000f5580000,0x00000000fb680000,0x00000000fb680000)
  from space 26624K, 74% used [0x00000000fd380000,0x00000000fe6fc810,0x00000000fed80000)
  to   space 28160K, 0% used [0x00000000fb680000,0x00000000fb680000,0x00000000fd200000)
 ParOldGen       total 99840K, used 44376K [0x00000000e0000000, 0x00000000e6180000, 0x00000000f5580000)
  object space 99840K, 44% used [0x00000000e0000000,0x00000000e2b56250,0x00000000e6180000)
 Metaspace       used 76850K, capacity 83066K, committed 83328K, reserved 1122304K
  class space    used 9390K, capacity 11373K, committed 11392K, reserved 1048576K
Event: 145.866 GC heap after
Heap after GC invocations=16 (full 3):
 PSYoungGen      total 127488K, used 24433K [0x00000000f5580000, 0x00000000ffc80000, 0x0000000100000000)
  eden space 99328K, 0% used [0x00000000f5580000,0x00000000f5580000,0x00000000fb680000)
  from space 28160K, 86% used [0x00000000fb680000,0x00000000fce5c628,0x00000000fd200000)
  to   space 31232K, 0% used [0x00000000fde00000,0x00000000fde00000,0x00000000ffc80000)
 ParOldGen       total 99840K, used 44384K [0x00000000e0000000, 0x00000000e6180000, 0x00000000f5580000)
  object space 99840K, 44% used [0x00000000e0000000,0x00000000e2b58250,0x00000000e6180000)
 Metaspace       used 76850K, capacity 83066K, committed 83328K, reserved 1122304K
  class space    used 9390K, capacity 11373K, committed 11392K, reserved 1048576K
}
Event: 170.863 GC heap before
{Heap before GC invocations=17 (full 3):
 PSYoungGen      total 127488K, used 113476K [0x00000000f5580000, 0x00000000ffc80000, 0x0000000100000000)
  eden space 99328K, 89% used [0x00000000f5580000,0x00000000fac74af0,0x00000000fb680000)
  from space 28160K, 86% used [0x00000000fb680000,0x00000000fce5c628,0x00000000fd200000)
  to   space 31232K, 0% used [0x00000000fde00000,0x00000000fde00000,0x00000000ffc80000)
 ParOldGen       total 99840K, used 44384K [0x00000000e0000000, 0x00000000e6180000, 0x00000000f5580000)
  object space 99840K, 44% used [0x00000000e0000000,0x00000000e2b58250,0x00000000e6180000)
 Metaspace       used 77271K, capacity 83450K, committed 83584K, reserved 1122304K
  class space    used 9394K, capacity 11373K, committed 11392K, reserved 1048576K
Event: 170.892 GC heap after
Heap after GC invocations=17 (full 3):
 PSYoungGen      total 138752K, used 21678K [0x00000000f5580000, 0x00000000ffe80000, 0x0000000100000000)
  eden space 107520K, 0% used [0x00000000f5580000,0x00000000f5580000,0x00000000fbe80000)
  from space 31232K, 69% used [0x00000000fde00000,0x00000000ff32bba0,0x00000000ffc80000)
  to   space 32256K, 0% used [0x00000000fbe80000,0x00000000fbe80000,0x00000000fde00000)
 ParOldGen       total 99840K, used 44392K [0x00000000e0000000, 0x00000000e6180000, 0x00000000f5580000)
  object space 99840K, 44% used [0x00000000e0000000,0x00000000e2b5a250,0x00000000e6180000)
 Metaspace       used 77271K, capacity 83450K, committed 83584K, reserved 1122304K
  class space    used 9394K, capacity 11373K, committed 11392K, reserved 1048576K
}
Event: 170.892 GC heap before
{Heap before GC invocations=18 (full 4):
 PSYoungGen      total 138752K, used 21678K [0x00000000f5580000, 0x00000000ffe80000, 0x0000000100000000)
  eden space 107520K, 0% used [0x00000000f5580000,0x00000000f5580000,0x00000000fbe80000)
  from space 31232K, 69% used [0x00000000fde00000,0x00000000ff32bba0,0x00000000ffc80000)
  to   space 32256K, 0% used [0x00000000fbe80000,0x00000000fbe80000,0x00000000fde00000)
 ParOldGen       total 99840K, used 44392K [0x00000000e0000000, 0x00000000e6180000, 0x00000000f5580000)
  object space 99840K, 44% used [0x00000000e0000000,0x00000000e2b5a250,0x00000000e6180000)
 Metaspace       used 77271K, capacity 83450K, committed 83584K, reserved 1122304K
  class space    used 9394K, capacity 11373K, committed 11392K, reserved 1048576K
Event: 171.270 GC heap after
Heap after GC invocations=18 (full 4):
 PSYoungGen      total 138752K, used 0K [0x00000000f5580000, 0x00000000ffe80000, 0x0000000100000000)
  eden space 107520K, 0% used [0x00000000f5580000,0x00000000f5580000,0x00000000fbe80000)
  from space 31232K, 0% used [0x00000000fde00000,0x00000000fde00000,0x00000000ffc80000)
  to   space 32256K, 0% used [0x00000000fbe80000,0x00000000fbe80000,0x00000000fde00000)
 ParOldGen       total 99840K, used 54300K [0x00000000e0000000, 0x00000000e6180000, 0x00000000f5580000)
  object space 99840K, 54% used [0x00000000e0000000,0x00000000e3507228,0x00000000e6180000)
 Metaspace       used 77271K, capacity 83450K, committed 83584K, reserved 1122304K
  class space    used 9394K, capacity 11373K, committed 11392K, reserved 1048576K
}
Event: 233.585 GC heap before
{Heap before GC invocations=19 (full 4):
 PSYoungGen      total 138752K, used 93684K [0x00000000f5580000, 0x00000000ffe80000, 0x0000000100000000)
  eden space 107520K, 87% used [0x00000000f5580000,0x00000000fb0fd2f8,0x00000000fbe80000)
  from space 31232K, 0% used [0x00000000fde00000,0x00000000fde00000,0x00000000ffc80000)
  to   space 32256K, 0% used [0x00000000fbe80000,0x00000000fbe80000,0x00000000fde00000)
 ParOldGen       total 99840K, used 54300K [0x00000000e0000000, 0x00000000e6180000, 0x00000000f5580000)
  object space 99840K, 54% used [0x00000000e0000000,0x00000000e3507228,0x00000000e6180000)
 Metaspace       used 79895K, capacity 86286K, committed 86528K, reserved 1124352K
  class space    used 9724K, capacity 11678K, committed 11776K, reserved 1048576K
Event: 233.605 GC heap after
Heap after GC invocations=19 (full 4):
 PSYoungGen      total 139776K, used 6096K [0x00000000f5580000, 0x00000000ffd80000, 0x0000000100000000)
  eden space 107520K, 0% used [0x00000000f5580000,0x00000000f5580000,0x00000000fbe80000)
  from space 32256K, 18% used [0x00000000fbe80000,0x00000000fc474230,0x00000000fde00000)
  to   space 31744K, 0% used [0x00000000fde80000,0x00000000fde80000,0x00000000ffd80000)
 ParOldGen       total 99840K, used 54308K [0x00000000e0000000, 0x00000000e6180000, 0x00000000f5580000)
  object space 99840K, 54% used [0x00000000e0000000,0x00000000e3509228,0x00000000e6180000)
 Metaspace       used 79895K, capacity 86286K, committed 86528K, reserved 1124352K
  class space    used 9724K, capacity 11678K, committed 11776K, reserved 1048576K
}
Event: 233.605 GC heap before
{Heap before GC invocations=20 (full 5):
 PSYoungGen      total 139776K, used 6096K [0x00000000f5580000, 0x00000000ffd80000, 0x0000000100000000)
  eden space 107520K, 0% used [0x00000000f5580000,0x00000000f5580000,0x00000000fbe80000)
  from space 32256K, 18% used [0x00000000fbe80000,0x00000000fc474230,0x00000000fde00000)
  to   space 31744K, 0% used [0x00000000fde80000,0x00000000fde80000,0x00000000ffd80000)
 ParOldGen       total 99840K, used 54308K [0x00000000e0000000, 0x00000000e6180000, 0x00000000f5580000)
  object space 99840K, 54% used [0x00000000e0000000,0x00000000e3509228,0x00000000e6180000)
 Metaspace       used 79895K, capacity 86286K, committed 86528K, reserved 1124352K
  class space    used 9724K, capacity 11678K, committed 11776K, reserved 1048576K
Event: 234.027 GC heap after
Heap after GC invocations=20 (full 5):
 PSYoungGen      total 139776K, used 0K [0x00000000f5580000, 0x00000000ffd80000, 0x0000000100000000)
  eden space 107520K, 0% used [0x00000000f5580000,0x00000000f5580000,0x00000000fbe80000)
  from space 32256K, 0% used [0x00000000fbe80000,0x00000000fbe80000,0x00000000fde00000)
  to   space 31744K, 0% used [0x00000000fde80000,0x00000000fde80000,0x00000000ffd80000)
 ParOldGen       total 99840K, used 57225K [0x00000000e0000000, 0x00000000e6180000, 0x00000000f5580000)
  object space 99840K, 57% used [0x00000000e0000000,0x00000000e37e2670,0x00000000e6180000)
 Metaspace       used 79895K, capacity 86286K, committed 86528K, reserved 1124352K
  class space    used 9724K, capacity 11678K, committed 11776K, reserved 1048576K
}

Deoptimization events (10 events):
Event: 270.635 Thread 0x0000000003d9e800 Uncommon trap: reason=unstable_if action=reinterpret pc=0x0000000011f7b3d4 method=org.eclipse.equinox.internal.event.EventHandlerTracker.getHandlers(Ljava/lang/String;)Ljava/util/Set; @ 28
Event: 270.714 Thread 0x0000000003d9e800 Uncommon trap: reason=predicate action=maybe_recompile pc=0x0000000011d9ce10 method=java.util.concurrent.CopyOnWriteArrayList.indexOf(Ljava/lang/Object;[Ljava/lang/Object;II)I @ 41
Event: 270.727 Thread 0x0000000003d9e800 Uncommon trap: reason=unstable_if action=reinterpret pc=0x0000000011bff90c method=sun.nio.cs.UTF_8$Encoder.encodeArrayLoop(Ljava/nio/CharBuffer;Ljava/nio/ByteBuffer;)Ljava/nio/charset/CoderResult; @ 87
Event: 271.259 Thread 0x0000000003d9e800 Uncommon trap: reason=unstable_if action=reinterpret pc=0x0000000010704464 method=org.eclipse.core.runtime.internal.adaptor.EclipseLazyStarter.shouldActivateFor(Ljava/lang/String;Lorg/eclipse/osgi/baseadaptor/BaseData;Lorg/eclipse/core/runtime/internal/ada
Event: 271.280 Thread 0x0000000003d9e800 Uncommon trap: reason=unstable_if action=reinterpret pc=0x0000000011b5bd68 method=org.eclipse.core.internal.jobs.DeadlockDetector.reduceGraph(ILorg/eclipse/core/runtime/jobs/ISchedulingRule;)V @ 341
Event: 271.292 Thread 0x000000000acf2000 Uncommon trap: reason=unstable_if action=reinterpret pc=0x0000000010c2a560 method=org.eclipse.osgi.framework.internal.core.BundleContextImpl.dispatchEvent(Ljava/lang/Object;Ljava/lang/Object;ILjava/lang/Object;)V @ 16
Event: 271.307 Thread 0x000000000f809800 Uncommon trap: reason=unstable_if action=reinterpret pc=0x000000001213144c method=org.eclipse.core.internal.jobs.JobManager.nextJob()Lorg/eclipse/core/runtime/jobs/Job; @ 80
Event: 271.307 Thread 0x000000000b797000 Uncommon trap: reason=unstable_if action=reinterpret pc=0x000000001213144c method=org.eclipse.core.internal.jobs.JobManager.nextJob()Lorg/eclipse/core/runtime/jobs/Job; @ 80
Event: 271.307 Thread 0x000000000cd1e800 Uncommon trap: reason=unstable_if action=reinterpret pc=0x000000001212d12c method=org.eclipse.core.internal.jobs.JobManager.nextJob()Lorg/eclipse/core/runtime/jobs/Job; @ 80
Event: 271.960 Thread 0x0000000003d9e800 Uncommon trap: reason=unstable_if action=reinterpret pc=0x000000001109c4a4 method=sun.reflect.UnsafeStaticObjectFieldAccessorImpl.set(Ljava/lang/Object;Ljava/lang/Object;)V @ 13

Internal exceptions (10 events):
Event: 270.115 Thread 0x0000000003d9e800 Implicit null exception at 0x00000000116f94cc to 0x00000000116f9529
Event: 270.334 Thread 0x0000000003d9e800 Implicit null exception at 0x0000000011397445 to 0x0000000011397715
Event: 270.405 Thread 0x0000000003d9e800 Implicit null exception at 0x0000000010dd3370 to 0x0000000010dd33c9
Event: 270.415 Thread 0x000000000ecbe000 Implicit null exception at 0x0000000011e6b858 to 0x0000000011e6bb39
Event: 270.710 Thread 0x000000000f6f6800 Exception <a 'java/lang/InterruptedException'> (0x00000000f6c92ab0) thrown at [C:\re\workspace\8-2-build-windows-amd64-cygwin\jdk8u45\3627\hotspot\src\share\vm\runtime\objectMonitor.cpp, line 1683]
Event: 271.330 Thread 0x0000000008b94800 Exception <a 'java/lang/InterruptedException': sleep interrupted> (0x00000000f6fff658) thrown at [C:\re\workspace\8-2-build-windows-amd64-cygwin\jdk8u45\3627\hotspot\src\share\vm\prims\jvm.cpp, line 3211]
Event: 271.332 Thread 0x000000000efed000 Exception <a 'java/lang/InterruptedException'> (0x00000000f710c2d0) thrown at [C:\re\workspace\8-2-build-windows-amd64-cygwin\jdk8u45\3627\hotspot\src\share\vm\runtime\objectMonitor.cpp, line 1683]
Event: 271.332 Thread 0x0000000009179000 Exception <a 'java/lang/InterruptedException'> (0x00000000f7124ca0) thrown at [C:\re\workspace\8-2-build-windows-amd64-cygwin\jdk8u45\3627\hotspot\src\share\vm\runtime\objectMonitor.cpp, line 1683]
Event: 271.960 Thread 0x000000000acf2000 Exception <a 'java/lang/InterruptedException'> (0x00000000f6ffdd60) thrown at [C:\re\workspace\8-2-build-windows-amd64-cygwin\jdk8u45\3627\hotspot\src\share\vm\runtime\objectMonitor.cpp, line 1683]
Event: 271.960 Thread 0x0000000003d9e800 Implicit null exception at 0x000000001109c097 to 0x000000001109c491

Events (10 events):
Event: 271.960 Thread 0x0000000003d9e800 DEOPT PACKING pc=0x000000001109c4a4 sp=0x000000000012eae0
Event: 271.960 Thread 0x0000000003d9e800 DEOPT UNPACKING pc=0x00000000100b582a sp=0x000000000012ea38 mode 2
Event: 271.961 loading class java/util/IdentityHashMap$KeyIterator
Event: 271.961 loading class java/util/IdentityHashMap$IdentityHashMapIterator
Event: 271.961 loading class java/util/IdentityHashMap$IdentityHashMapIterator done
Event: 271.961 loading class java/util/IdentityHashMap$KeyIterator done
Event: 271.961 Thread 0x000000000cd20000 Thread added: 0x000000000cd20000
Event: 271.961 Thread 0x0000000008e81800 Thread exited: 0x0000000008e81800
Event: 271.961 Thread 0x000000000cd20000 Thread exited: 0x000000000cd20000
Event: 271.962 Executing VM operation: Exit


Dynamic libraries:
0x0000000000400000 - 0x000000000044f000 	C:\Xilinx\SDK\2015.4\eclipse\win64.o\eclipse.exe
0x0000000077910000 - 0x0000000077aaf000 	C:\Windows\SYSTEM32\ntdll.dll
0x00000000777f0000 - 0x000000007790f000 	C:\Windows\system32\kernel32.dll
0x000007fefd810000 - 0x000007fefd87a000 	C:\Windows\system32\KERNELBASE.dll
0x00000000776f0000 - 0x00000000777ea000 	C:\Windows\system32\USER32.dll
0x000007fefde80000 - 0x000007fefdee7000 	C:\Windows\system32\GDI32.dll
0x000007feff810000 - 0x000007feff81e000 	C:\Windows\system32\LPK.dll
0x000007fefe240000 - 0x000007fefe30b000 	C:\Windows\system32\USP10.dll
0x000007feff3e0000 - 0x000007feff47f000 	C:\Windows\system32\msvcrt.dll
0x000007fefc630000 - 0x000007fefc824000 	C:\Windows\WinSxS\amd64_microsoft.windows.common-controls_6595b64144ccf1df_6.0.7601.18837_none_fa3b1e3d17594757\COMCTL32.dll
0x000007fefde00000 - 0x000007fefde71000 	C:\Windows\system32\SHLWAPI.dll
0x000007feff3b0000 - 0x000007feff3de000 	C:\Windows\system32\IMM32.DLL
0x000007feff4f0000 - 0x000007feff5f9000 	C:\Windows\system32\MSCTF.dll
0x000007fefd520000 - 0x000007fefd550000 	C:\Windows\system32\nvinitx.dll
0x000007fefd510000 - 0x000007fefd51c000 	C:\Windows\system32\VERSION.dll
0x000007feff2d0000 - 0x000007feff3ab000 	C:\Windows\system32\ADVAPI32.dll
0x000007feff4d0000 - 0x000007feff4ef000 	C:\Windows\SYSTEM32\sechost.dll
0x000007feff600000 - 0x000007feff72d000 	C:\Windows\system32\RPCRT4.dll
0x0000000072510000 - 0x0000000072516000 	C:\Program Files\NVIDIA Corporation\CoProcManager\detoured.dll
0x000007fef8820000 - 0x000007fef8858000 	C:\Program Files\NVIDIA Corporation\CoProcManager\nvd3d9wrapx.dll
0x000007feffa20000 - 0x000007feffbf7000 	C:\Windows\system32\SETUPAPI.dll
0x000007fefd880000 - 0x000007fefd8b6000 	C:\Windows\system32\CFGMGR32.dll
0x000007feff730000 - 0x000007feff80a000 	C:\Windows\system32\OLEAUT32.dll
0x000007feff820000 - 0x000007feffa1d000 	C:\Windows\system32\ole32.dll
0x000007fefd7d0000 - 0x000007fefd7ea000 	C:\Windows\system32\DEVOBJ.dll
0x000007fef87f0000 - 0x000007fef8814000 	C:\Program Files\NVIDIA Corporation\CoProcManager\nvdxgiwrapx.dll
0x0000000072000000 - 0x0000000072012000 	C:\Xilinx\SDK\2015.4\eclipse\win64.o\plugins\org.eclipse.equinox.launcher.win32.win32.x86_64_1.1.200.v20140116-2212\eclipse_1503.dll
0x000007fefb930000 - 0x000007fefb986000 	C:\Windows\system32\uxtheme.dll
0x0000000180000000 - 0x0000000180027000 	C:\Program Files (x86)\kbasesrv\knbdefdll64.dll
0x0000000077ac0000 - 0x0000000077ac7000 	C:\Windows\system32\PSAPI.DLL
0x000007fefd450000 - 0x000007fefd4a7000 	C:\Windows\system32\apphelp.dll
0x000007fef7b00000 - 0x000007fef83d1000 	C:\Windows\system32\SOGOUPY.IME
0x000007fefc830000 - 0x000007fefc837000 	C:\Windows\system32\MSIMG32.dll
0x000007fefad80000 - 0x000007fefadd4000 	C:\Windows\system32\OLEACC.dll
0x000007fefc190000 - 0x000007fefc1bd000 	C:\Windows\system32\ntmarta.dll
0x000007fefda30000 - 0x000007fefda82000 	C:\Windows\system32\WLDAP32.dll
0x000007fefe310000 - 0x000007feff09b000 	C:\Windows\system32\SHELL32.dll
0x0000000010000000 - 0x0000000010065000 	C:\Program Files\Lenovo\Bluetooth Software\btmmhook.dll
0x0000000052b50000 - 0x00000000533d3000 	C:\Xilinx\SDK\2015.4\tps\win64\jre\bin\server\jvm.dll
0x000007feefd00000 - 0x000007feefd09000 	C:\Windows\system32\WSOCK32.dll
0x000007feff480000 - 0x000007feff4cd000 	C:\Windows\system32\WS2_32.dll
0x000007fefd9a0000 - 0x000007fefd9a8000 	C:\Windows\system32\NSI.dll
0x000007fef7ac0000 - 0x000007fef7afb000 	C:\Windows\system32\WINMM.dll
0x0000000070a40000 - 0x0000000070b12000 	C:\Windows\system32\MSVCR100.dll
0x00000000609b0000 - 0x00000000609bf000 	C:\Xilinx\SDK\2015.4\tps\win64\jre\bin\verify.dll
0x000000005e390000 - 0x000000005e3b9000 	C:\Xilinx\SDK\2015.4\tps\win64\jre\bin\java.dll
0x000007fef4050000 - 0x000007fef42b7000 	C:\Program Files (x86)\SogouInput\Components\PicFace\1.1.0.1787\PicFace64.dll
0x000007feff0a0000 - 0x000007feff137000 	C:\Windows\system32\COMDLG32.dll
0x0000000060230000 - 0x0000000060246000 	C:\Xilinx\SDK\2015.4\tps\win64\jre\bin\zip.dll
0x000007fefd5e0000 - 0x000007fefd5ef000 	C:\Windows\system32\profapi.dll
0x000007fefcd90000 - 0x000007fefcda8000 	C:\Windows\system32\CRYPTSP.dll
0x000007fefca90000 - 0x000007fefcad7000 	C:\Windows\system32\rsaenh.dll
0x000007fefd8d0000 - 0x000007fefd8ee000 	C:\Windows\system32\USERENV.dll
0x000007fefd3a0000 - 0x000007fefd3af000 	C:\Windows\system32\CRYPTBASE.dll
0x0000000060210000 - 0x000000006022a000 	C:\Xilinx\SDK\2015.4\tps\win64\jre\bin\net.dll
0x000007fefcd30000 - 0x000007fefcd85000 	C:\Windows\system32\mswsock.dll
0x000007fefcd20000 - 0x000007fefcd27000 	C:\Windows\System32\wship6.dll
0x000007fefaf10000 - 0x000007fefaf37000 	C:\Windows\system32\IPHLPAPI.DLL
0x000007fefaef0000 - 0x000007fefaefb000 	C:\Windows\system32\WINNSI.DLL
0x000007fefaab0000 - 0x000007fefaac1000 	C:\Windows\system32\dhcpcsvc6.DLL
0x000007fefaa90000 - 0x000007fefaaa8000 	C:\Windows\system32\dhcpcsvc.DLL
0x000000005eb20000 - 0x000000005eb31000 	C:\Xilinx\SDK\2015.4\tps\win64\jre\bin\nio.dll
0x0000000006a50000 - 0x0000000006b0b000 	C:\Program Files (x86)\SogouInput\8.8.0.1814\Resource.dll
0x000007fefb510000 - 0x000007fefb528000 	C:\Windows\system32\dwmapi.dll
0x000007fefb8f0000 - 0x000007fefb905000 	C:\Windows\system32\NLAapi.dll
0x000007fef4540000 - 0x000007fef4555000 	C:\Windows\system32\napinsp.dll
0x000007fef4520000 - 0x000007fef4539000 	C:\Windows\system32\pnrpnsp.dll
0x000007fefcbb0000 - 0x000007fefcc0b000 	C:\Windows\system32\DNSAPI.dll
0x000007fef98b0000 - 0x000007fef98bb000 	C:\Windows\System32\winrnr.dll
0x000007fef4510000 - 0x000007fef4520000 	C:\Windows\system32\wshbth.dll
0x0000000063560000 - 0x0000000063569000 	C:\Program Files\National Instruments\Shared\mDNS Responder\nimdnsNSP.dll
0x0000000063550000 - 0x000000006355c000 	C:\Windows\system32\nimdnsResponder.dll
0x0000000072c60000 - 0x0000000072d03000 	C:\Windows\WinSxS\amd64_microsoft.vc90.crt_1fc8b3b9a1e18e3b_9.0.30729.6161_none_08e61857a83bc251\MSVCR90.dll
0x000007fefc420000 - 0x000007fefc427000 	C:\Windows\System32\wshtcpip.dll
0x000007fef9430000 - 0x000007fef9438000 	C:\Windows\system32\rasadhlp.dll
0x000007fefaae0000 - 0x000007fefab33000 	C:\Windows\System32\fwpuclnt.dll
0x000000000dc00000 - 0x000000000dca8000 	C:\Users\zheng\.Xilinx\SDK\2015.4\org.eclipse.osgi\bundles\303\1\.cp\swt-win32-4335.dll
0x000007fefb1b0000 - 0x000007fefb221000 	C:\Windows\system32\WINSPOOL.DRV
0x000007fefdef0000 - 0x000007fefe211000 	C:\Windows\system32\WININET.dll
0x000007fefd990000 - 0x000007fefd994000 	C:\Windows\system32\api-ms-win-downlevel-user32-l1-1-0.dll
0x000000000dcb0000 - 0x000000000dcb4000 	C:\Windows\system32\api-ms-win-downlevel-shlwapi-l1-1-0.dll
0x000007fefd770000 - 0x000007fefd774000 	C:\Windows\system32\api-ms-win-downlevel-version-l1-1-0.dll
0x000007fefd8c0000 - 0x000007fefd8c3000 	C:\Windows\system32\api-ms-win-downlevel-normaliz-l1-1-0.dll
0x0000000077ab0000 - 0x0000000077ab3000 	C:\Windows\system32\normaliz.DLL
0x000007fefda90000 - 0x000007fefdd5a000 	C:\Windows\system32\iertutil.dll
0x000007fefd7f0000 - 0x000007fefd7f5000 	C:\Windows\system32\api-ms-win-downlevel-advapi32-l1-1-0.dll
0x000007fefd600000 - 0x000007fefd76d000 	C:\Windows\system32\CRYPT32.dll
0x000007fefd5f0000 - 0x000007fefd5ff000 	C:\Windows\system32\MSASN1.dll
0x000007fefbc40000 - 0x000007fefbd6c000 	C:\Windows\system32\propsys.dll
0x000007fefdd60000 - 0x000007fefddf9000 	C:\Windows\system32\CLBCatQ.DLL
0x000000000dce0000 - 0x000000000dcfe000 	C:\Users\zheng\.Xilinx\SDK\2015.4\org.eclipse.osgi\bundles\303\1\.cp\swt-gdip-win32-4335.dll
0x000007fefb6d0000 - 0x000007fefb8e7000 	C:\Windows\WinSxS\amd64_microsoft.windows.gdiplus_6595b64144ccf1df_1.1.7601.23894_none_145eb2808b8d6928\gdiplus.dll
0x000007fefb360000 - 0x000007fefb4c1000 	C:\Windows\system32\WindowsCodecs.dll
0x000000000c9e0000 - 0x000000000c9f2000 	C:\Users\zheng\.Xilinx\SDK\2015.4\org.eclipse.osgi\bundles\121\1\.cp\os\win32\x86_64\localfile_1_0_0.dll
0x000007fef59e0000 - 0x000007fef59f1000 	C:\Users\zheng\.Xilinx\SDK\2015.4\org.eclipse.osgi\bundles\124\1\.cp\jWinHttp-1.0.0.dll
0x000007fef9d30000 - 0x000007fef9da1000 	C:\Windows\system32\WINHTTP.dll
0x000007fef9cc0000 - 0x000007fef9d25000 	C:\Windows\system32\webio.dll
0x000007fefd370000 - 0x000007fefd395000 	C:\Windows\system32\SspiCli.dll
0x000007fefc960000 - 0x000007fefc96a000 	C:\Windows\system32\credssp.dll
0x000007fefd4f0000 - 0x000007fefd504000 	C:\Windows\system32\RpcRtRemote.dll
0x000007feecb40000 - 0x000007feecb7b000 	C:\Windows\system32\mlang.dll
0x000007fecb5c0000 - 0x000007fecb74a000 	C:\Program Files (x86)\SogouInput\Components\SogouFlash\1.0.0.203\SogouFlashDll64.dll
0x000007fef5b00000 - 0x000007fef5b0f000 	C:\Xilinx\SDK\2015.4\lib\win64.o\librdi_repo_manager.dll
0x000007fef4350000 - 0x000007fef437a000 	C:\Xilinx\SDK\2015.4\lib\win64.o\libisl_sysinfo.dll
0x000007fee8260000 - 0x000007fee8334000 	C:\Windows\system32\MSVCR110.dll
0x000007feebab0000 - 0x000007feebb57000 	C:\Windows\system32\MSVCP110.dll
0x000007fec3f50000 - 0x000007fec48dd000 	C:\Xilinx\SDK\2015.4\lib\win64.o\librdi_common.dll
0x000007fec3be0000 - 0x000007fec3f4e000 	C:\Xilinx\SDK\2015.4\lib\win64.o\libCOIN-all.dll
0x000007fecb760000 - 0x000007fecb97e000 	C:\Xilinx\SDK\2015.4\lib\win64.o\libXil_lmgr11.dll
0x000007fefb9f0000 - 0x000007fefba06000 	C:\Windows\system32\NETAPI32.dll
0x000007fefb9e0000 - 0x000007fefb9ec000 	C:\Windows\system32\netutils.dll
0x000007fefd100000 - 0x000007fefd123000 	C:\Windows\system32\srvcli.dll
0x000007fefb910000 - 0x000007fefb925000 	C:\Windows\system32\wkscli.dll
0x000007fefd790000 - 0x000007fefd7cb000 	C:\Windows\system32\WINTRUST.dll
0x000007fef5ae0000 - 0x000007fef5af0000 	C:\Xilinx\SDK\2015.4\lib\win64.o\libboost_date_time.dll
0x000007feed090000 - 0x000007feed0b2000 	C:\Xilinx\SDK\2015.4\lib\win64.o\libboost_filesystem.dll
0x000007fef4340000 - 0x000007fef4349000 	C:\Xilinx\SDK\2015.4\lib\win64.o\libboost_system.dll
0x000007fecc150000 - 0x000007fecc1c4000 	C:\Xilinx\SDK\2015.4\lib\win64.o\libboost_program_options.dll
0x000007fecb3b0000 - 0x000007fecb4aa000 	C:\Xilinx\SDK\2015.4\lib\win64.o\libboost_regex.dll
0x000007fef4320000 - 0x000007fef4333000 	C:\Xilinx\SDK\2015.4\lib\win64.o\libboost_signals.dll
0x000007fef4300000 - 0x000007fef431d000 	C:\Xilinx\SDK\2015.4\lib\win64.o\libboost_thread.dll
0x000007fef0520000 - 0x000007fef052b000 	C:\Xilinx\SDK\2015.4\lib\win64.o\libboost_chrono.dll
0x000007fef0480000 - 0x000007fef048b000 	C:\Xilinx\SDK\2015.4\lib\win64.o\libboost_xilinx.dll
0x000007fecb330000 - 0x000007fecb3b0000 	C:\Xilinx\SDK\2015.4\lib\win64.o\libhdlpsolve.dll
0x000007fecaff0000 - 0x000007fecb08a000 	C:\Xilinx\SDK\2015.4\lib\win64.o\libhdxml.dll
0x000007fec37a0000 - 0x000007fec3bd4e00 	C:\Xilinx\SDK\2015.4\lib\win64.o\libisl_iostreams.dll
0x000007fee7c40000 - 0x000007fee7c56000 	C:\Xilinx\SDK\2015.4\lib\win64.o\libboost_iostreams.dll
0x000007fee71f0000 - 0x000007fee7213000 	C:\Xilinx\SDK\2015.4\lib\win64.o\librdizlib.dll

VM Arguments:
jvm_args: -Dcom.xilinx.sdk.args.hwspec=D:/FPGA/V_project/final_2/lcd7_touch.sdk/system_wrapper.hdf -Xms64m -Xmx512m & 
java_command: <unknown>
java_class_path (initial): C:\Xilinx\SDK\2015.4\eclipse\win64.o\\plugins/org.eclipse.equinox.launcher_1.3.0.v20130327-1440.jar
Launcher Type: generic

Environment Variables:
PATH=C:/Xilinx/SDK/2015.4/tps/win64/jre/bin/server;C:/Xilinx/SDK/2015.4/tps/win64/jre/bin;C:/Xilinx/SDK/2015.4/tps/win64/jre/lib/amd64;C:\Xilinx\SDK\2015.4\gnuwin\bin;C:\Xilinx\SDK\2015.4\gnu\microblaze\nt\bin;C:\Xilinx\SDK\2015.4\gnu\microblaze\linux_toolchain\nt64_le\bin;C:\Xilinx\SDK\2015.4\gnu\microblaze\linux_toolchain\nt64_be\bin;C:\Xilinx\SDK\2015.4\gnu\arm\nt\bin;C:\Xilinx\SDK\2015.4\gnu\aarch64\nt\aarch64-none\bin;C:\Xilinx\SDK\2015.4\gnu\aarch64\nt\aarch64-linux\bin;C:\Xilinx\SDK\2015.4\gnu\armr5\nt\gcc-arm-none-eabi\bin;C:\Xilinx\SDK\2015.4\gnu\aarch32\nt\gcc-arm-none-eabi\bin;C:\Xilinx\SDK\2015.4\gnu\aarch32\nt\gcc-arm-linux-gnueabi\bin;C:\Xilinx\SDK\2015.4\bin;C:\Xilinx\SDK\2015.4\lib\win64.o;C:\Xilinx\SDK\2015.4\tps\win64\jre\bin\server;C:\Xilinx\SDK\2015.4\tps\win64\jre\bin;C:\Xilinx\Vivado\2015.4\ids_lite\ISE\bin\nt64;C:\Xilinx\Vivado\2015.4\ids_lite\ISE\lib\nt64;C:\Xilinx\Vivado\2015.4\bin;C:\Xilinx\Vivado\2015.4\lib\win64.o;C:\Xilinx\Vivado\2015.4\tps\win64\jre\bin\server;C:\Xilinx\Vivado\2015.4\tps\win64\jre\bin;C:\Xilinx\Vivado_HLS\2015.4\bin;C:\Program Files (x86)\Intel\iCLS Client\;C:\Program Files\Intel\iCLS Client\;C:\Windows\system32;C:\Windows;C:\Windows\System32\Wbem;C:\Windows\System32\WindowsPowerShell\v1.0\;C:\Program Files\Intel\Intel(R) Management Engine Components\DAL;C:\Program Files\Intel\Intel(R) Management Engine Components\IPT;C:\Program Files (x86)\Intel\Intel(R) Management Engine Components\DAL;C:\Program Files (x86)\Intel\Intel(R) Management Engine Components\IPT;C:\Program Files (x86)\Intel\OpenCL SDK\1.5\bin\x86;C:\Program Files (x86)\Intel\OpenCL SDK\1.5\bin\x64;C:\Program Files\Lenovo\Bluetooth Software\;C:\Program Files\Lenovo\Bluetooth Software\syswow64;D:\study\matlab14\runtime\win64;D:\study\matlab14\bin;D:\study\matlab14\polyspace\bin;C:\Users\zheng\AppData\Local\Programs\Python\Python36\Scripts\;C:\Users\zheng\AppData\Local\Programs\Python\Python36\;C:\modeltech64_10.1c\win64;d:\FPGA\V_project\final_2;
USERNAME=zheng
OS=Windows_NT
PROCESSOR_IDENTIFIER=Intel64 Family 6 Model 58 Stepping 9, GenuineIntel



---------------  S Y S T E M  ---------------

OS: Windows 7 , 64 bit Build 7601 (6.1.7601.24117)

CPU:total 4 (2 cores per cpu, 2 threads per core) family 6 model 58 stepping 9, cmov, cx8, fxsr, mmx, sse, sse2, sse3, ssse3, sse4.1, sse4.2, popcnt, avx, aes, clmul, erms, ht, tsc, tscinvbit, tscinv

Memory: 4k page, physical 8254308k(3296276k free), swap 16506740k(10721732k free)

vm_info: Java HotSpot(TM) 64-Bit Server VM (25.45-b02) for windows-amd64 JRE (1.8.0_45-b15), built on Apr 30 2015 12:40:44 by "java_re" with MS VC++ 10.0 (VS2010)

time: Thu May 17 11:37:38 2018
elapsed time: 272 seconds (0d 0h 4m 32s)

