#-----------------------------------------------------------
# Vivado v2015.4 (64-bit)
# SW Build 1412921 on Wed Nov 18 09:43:45 MST 2015
# IP Build 1412160 on Tue Nov 17 13:47:24 MST 2015
# Start of session at: Sun May 27 16:06:38 2018
# Process ID: 6004
# Current directory: D:/FPGA/V_project/final_2
# Command line: vivado.exe -gui_launcher_event rodinguilauncherevent8324 D:\FPGA\V_project\final_2\lcd7_touch.xpr
# Log file: D:/FPGA/V_project/final_2/vivado.log
# Journal file: D:/FPGA/V_project/final_2\vivado.jou
#-----------------------------------------------------------
start_gui
open_project D:/FPGA/V_project/final_2/lcd7_touch.xpr
Scanning sources...
Finished scanning sources
INFO: [IP_Flow 19-234] Refreshing IP repositories
INFO: [IP_Flow 19-1700] Loaded user IP repository 'd:/FPGA/V_project/final_2/repo'.
INFO: [IP_Flow 19-1700] Loaded user IP repository 'd:/FPGA/V_project/IP/ad_fft'.
INFO: [IP_Flow 19-1700] Loaded user IP repository 'd:/FPGA/V_project/IP/reset'.
INFO: [IP_Flow 19-1700] Loaded user IP repository 'd:/FPGA/V_project/IP/w_ram'.
INFO: [IP_Flow 19-1700] Loaded user IP repository 'd:/FPGA/V_project/IP/r_ram'.
INFO: [IP_Flow 19-1700] Loaded user IP repository 'd:/FPGA/V_project/IP/fft_reset1'.
INFO: [IP_Flow 19-1700] Loaded user IP repository 'd:/FPGA/V_project/IP/pwm'.
INFO: [IP_Flow 19-2313] Loaded Vivado IP repository 'C:/Xilinx/Vivado/2015.4/data/ip'.
open_project: Time (s): cpu = 00:00:29 ; elapsed = 00:00:16 . Memory (MB): peak = 833.879 ; gain = 219.918
open_bd_design {D:/FPGA/V_project/final_2/lcd7_touch.srcs/sources_1/bd/system/system.bd}
Adding component instance block -- digilentinc.com:ip:axi_dynclk:1.0 - axi_dynclk_0
Adding component instance block -- xilinx.com:ip:axi_gpio:2.0 - axi_gpio_0
Adding component instance block -- xilinx.com:ip:axi_vdma:6.2 - axi_vdma_0
Adding component instance block -- xilinx.com:ip:axis_subset_converter:1.1 - axis_subset_converter_0
Adding component instance block -- xilinx.com:ip:processing_system7:5.5 - processing_system7_0
Adding component instance block -- xilinx.com:ip:proc_sys_reset:5.0 - proc_sys_reset_0
Adding component instance block -- xilinx.com:ip:proc_sys_reset:5.0 - proc_sys_reset_1
Adding component instance block -- xilinx.com:ip:v_axi4s_vid_out:4.0 - v_axi4s_vid_out_0
Adding component instance block -- xilinx.com:ip:v_tc:6.1 - v_tc_0
Adding component instance block -- xilinx.com:ip:xlconcat:2.1 - xlconcat_0
Adding component instance block -- xilinx.com:ip:xlconstant:1.1 - xlconstant_0
Adding component instance block -- xilinx.com:user:pwm:1.0 - pwm_0
Adding component instance block -- xilinx.com:ip:xlconstant:1.1 - xlconstant_2
Adding component instance block -- xilinx.com:ip:blk_mem_gen:8.3 - blk_mem_gen_0
Adding component instance block -- xilinx.com:ip:axi_bram_ctrl:4.0 - axi_bram_ctrl_0
Adding component instance block -- xilinx.com:ip:blk_mem_gen:8.3 - blk_mem_gen_1
Adding component instance block -- xilinx.com:user:r_ram:1.0 - r_ram_0
Adding component instance block -- xilinx.com:user:w_ram:1.0 - w_ram_0
Adding component instance block -- xilinx.com:user:reset:1.0 - reset_0
Adding component instance block -- xilinx.com:user:ad_fft:1.0 - ad_fft_0
Adding component instance block -- xilinx.com:user:fft_reset1:1.0 - fft_reset1_0
Adding component instance block -- xilinx.com:ip:axi_crossbar:2.1 - xbar
Adding component instance block -- xilinx.com:ip:axi_protocol_converter:2.1 - auto_pc
Adding component instance block -- xilinx.com:ip:axi_protocol_converter:2.1 - auto_pc
Adding component instance block -- xilinx.com:ip:axi_protocol_converter:2.1 - auto_pc
Adding component instance block -- xilinx.com:ip:axi_protocol_converter:2.1 - auto_pc
Adding component instance block -- xilinx.com:ip:axi_protocol_converter:2.1 - auto_pc
Adding component instance block -- xilinx.com:ip:axi_protocol_converter:2.1 - auto_pc
Successfully read diagram <system> from BD file <D:/FPGA/V_project/final_2/lcd7_touch.srcs/sources_1/bd/system/system.bd>
open_bd_design: Time (s): cpu = 00:00:22 ; elapsed = 00:00:19 . Memory (MB): peak = 1017.777 ; gain = 178.945
set_property  ip_repo_paths  {d:/FPGA/V_project/final_2/repo d:/FPGA/V_project/IP/ad_fft d:/FPGA/V_project/IP/reset d:/FPGA/V_project/IP/r_ram d:/FPGA/V_project/IP/fft_reset1 d:/FPGA/V_project/IP/pwm} [current_project]
update_ip_catalog
INFO: [IP_Flow 19-234] Refreshing IP repositories
INFO: [IP_Flow 19-1700] Loaded user IP repository 'd:/FPGA/V_project/final_2/repo'.
INFO: [IP_Flow 19-1700] Loaded user IP repository 'd:/FPGA/V_project/IP/ad_fft'.
INFO: [IP_Flow 19-1700] Loaded user IP repository 'd:/FPGA/V_project/IP/reset'.
INFO: [IP_Flow 19-1700] Loaded user IP repository 'd:/FPGA/V_project/IP/r_ram'.
INFO: [IP_Flow 19-1700] Loaded user IP repository 'd:/FPGA/V_project/IP/fft_reset1'.
INFO: [IP_Flow 19-1700] Loaded user IP repository 'd:/FPGA/V_project/IP/pwm'.
update_ip_catalog -rebuild
INFO: [IP_Flow 19-234] Refreshing IP repositories
INFO: [IP_Flow 19-1700] Loaded user IP repository 'd:/FPGA/V_project/final_2/repo'.
INFO: [IP_Flow 19-1700] Loaded user IP repository 'd:/FPGA/V_project/IP/ad_fft'.
INFO: [IP_Flow 19-1700] Loaded user IP repository 'd:/FPGA/V_project/IP/reset'.
INFO: [IP_Flow 19-1700] Loaded user IP repository 'd:/FPGA/V_project/IP/r_ram'.
INFO: [IP_Flow 19-1700] Loaded user IP repository 'd:/FPGA/V_project/IP/fft_reset1'.
INFO: [IP_Flow 19-1700] Loaded user IP repository 'd:/FPGA/V_project/IP/pwm'.
set_property  ip_repo_paths  {d:/FPGA/V_project/final_2/repo d:/FPGA/V_project/IP/ad_fft d:/FPGA/V_project/IP/reset d:/FPGA/V_project/IP/r_ram D:/FPGA/V_project/IP/w_ram d:/FPGA/V_project/IP/fft_reset1 d:/FPGA/V_project/IP/pwm} [current_project]
update_ip_catalog
INFO: [IP_Flow 19-234] Refreshing IP repositories
INFO: [IP_Flow 19-1700] Loaded user IP repository 'd:/FPGA/V_project/final_2/repo'.
INFO: [IP_Flow 19-1700] Loaded user IP repository 'd:/FPGA/V_project/IP/ad_fft'.
INFO: [IP_Flow 19-1700] Loaded user IP repository 'd:/FPGA/V_project/IP/reset'.
INFO: [IP_Flow 19-1700] Loaded user IP repository 'd:/FPGA/V_project/IP/r_ram'.
INFO: [IP_Flow 19-1700] Loaded user IP repository 'd:/FPGA/V_project/IP/w_ram'.
INFO: [IP_Flow 19-1700] Loaded user IP repository 'd:/FPGA/V_project/IP/fft_reset1'.
INFO: [IP_Flow 19-1700] Loaded user IP repository 'd:/FPGA/V_project/IP/pwm'.
delete_bd_objs [get_bd_nets fft_reset1_0_choise] [get_bd_nets w_ram_0_addra] [get_bd_nets w_ram_0_clka] [get_bd_nets w_ram_0_dina] [get_bd_nets w_ram_0_ena] [get_bd_nets w_ram_0_rsta] [get_bd_nets w_ram_0_wea] [get_bd_nets fft_reset1_0_reset_done] [get_bd_nets fft_reset1_0_reset_i] [get_bd_nets ad_fft_0_fft_data] [get_bd_nets ad_fft_0_done] [get_bd_nets w_ram_0_ram_done] [get_bd_nets blk_mem_gen_1_douta] [get_bd_cells w_ram_0]
startgroup
create_bd_cell -type ip -vlnv xilinx.com:user:w_ram:1.0 w_ram_0
endgroup
set_property location {4.5 1595 380} [get_bd_cells w_ram_0]
set_property location {6 1827 486} [get_bd_cells w_ram_0]
connect_bd_net [get_bd_pins w_ram_0/addra] [get_bd_pins blk_mem_gen_1/addra]
WARNING: [BD 41-1306] The connection to interface pin /blk_mem_gen_1/addra is being overridden by the user. This pin will not be connected as a part of interface connection BRAM_PORTA
connect_bd_net [get_bd_pins w_ram_0/clka] [get_bd_pins blk_mem_gen_1/clka]
WARNING: [BD 41-1306] The connection to interface pin /blk_mem_gen_1/clka is being overridden by the user. This pin will not be connected as a part of interface connection BRAM_PORTA
connect_bd_net [get_bd_pins w_ram_0/dina] [get_bd_pins blk_mem_gen_1/dina]
WARNING: [BD 41-1306] The connection to interface pin /blk_mem_gen_1/dina is being overridden by the user. This pin will not be connected as a part of interface connection BRAM_PORTA
connect_bd_net [get_bd_pins w_ram_0/ena] [get_bd_pins blk_mem_gen_1/ena]
WARNING: [BD 41-1306] The connection to interface pin /blk_mem_gen_1/ena is being overridden by the user. This pin will not be connected as a part of interface connection BRAM_PORTA
connect_bd_net [get_bd_pins w_ram_0/rsta] [get_bd_pins blk_mem_gen_1/rsta]
WARNING: [BD 41-1306] The connection to interface pin /blk_mem_gen_1/rsta is being overridden by the user. This pin will not be connected as a part of interface connection BRAM_PORTA
connect_bd_net [get_bd_pins w_ram_0/wea] [get_bd_pins blk_mem_gen_1/wea]
WARNING: [BD 41-1306] The connection to interface pin /blk_mem_gen_1/wea is being overridden by the user. This pin will not be connected as a part of interface connection BRAM_PORTA
connect_bd_net [get_bd_pins blk_mem_gen_1/douta] [get_bd_pins w_ram_0/douta]
WARNING: [BD 41-1306] The connection to interface pin /blk_mem_gen_1/douta is being overridden by the user. This pin will not be connected as a part of interface connection BRAM_PORTA
connect_bd_net [get_bd_pins w_ram_0/clk] [get_bd_pins processing_system7_0/FCLK_CLK0]
connect_bd_net [get_bd_pins w_ram_0/fft_reset] [get_bd_pins fft_reset1_0/fft_reset]
connect_bd_net [get_bd_pins fft_reset1_0/reset_done] [get_bd_pins w_ram_0/reset_done]
connect_bd_net [get_bd_pins fft_reset1_0/choise] [get_bd_pins w_ram_0/choise]
connect_bd_net [get_bd_pins fft_reset1_0/reset_i] [get_bd_pins w_ram_0/reset_i]
connect_bd_net [get_bd_pins w_ram_0/ram_done] [get_bd_pins fft_reset1_0/ram_done]
connect_bd_net [get_bd_pins w_ram_0/fft_data] [get_bd_pins ad_fft_0/fft_data]
connect_bd_net [get_bd_pins ad_fft_0/done] [get_bd_pins w_ram_0/done]
validate_bd_design
INFO: [xilinx.com:ip:axi_vdma:6.2-16] /axi_vdma_0 
                    All clocks connected to AXI VDMA are not identical, therefore configuring AXI-VDMA in ASYNC mode.
validate_bd_design: Time (s): cpu = 00:00:08 ; elapsed = 00:00:11 . Memory (MB): peak = 1059.277 ; gain = 0.000
remove_files D:/FPGA/V_project/final_2/lcd7_touch.srcs/sources_1/bd/system/hdl/system_wrapper.v
file delete -force D:/FPGA/V_project/final_2/lcd7_touch.srcs/sources_1/bd/system/hdl/system_wrapper.v
update_compile_order -fileset sources_1
update_compile_order -fileset sim_1
generate_target all [get_files  D:/FPGA/V_project/final_2/lcd7_touch.srcs/sources_1/bd/system/system.bd]
INFO: [BD 41-1662] The design 'system.bd' is already validated. Therefore parameter propagation will not be re-run.
WARNING: [BD 41-235] Width mismatch when connecting pin: '/blk_mem_gen_0/addra'(32) to net 'axi_bram_ctrl_0_BRAM_PORTA_ADDR'(13) - Only lower order bits will be connected.
WARNING: [BD 41-235] Width mismatch when connecting pin: '/blk_mem_gen_1/addrb'(32) to net 'axi_bram_ctrl_0_BRAM_PORTB_ADDR'(13) - Only lower order bits will be connected.
Verilog Output written to : D:/FPGA/V_project/final_2/lcd7_touch.srcs/sources_1/bd/system/hdl/system.v
Verilog Output written to : D:/FPGA/V_project/final_2/lcd7_touch.srcs/sources_1/bd/system/hdl/system_wrapper.v
Wrote  : <D:/FPGA/V_project/final_2/lcd7_touch.srcs/sources_1/bd/system/system.bd> 
INFO: [BD 41-1029] Generation completed for the IP Integrator block processing_system7_0 .
INFO: [BD 41-1029] Generation completed for the IP Integrator block axi_vdma_0 .
INFO: [BD 41-1029] Generation completed for the IP Integrator block proc_sys_reset_1 .
INFO: [BD 41-1029] Generation completed for the IP Integrator block proc_sys_reset_0 .
INFO: [BD 41-1029] Generation completed for the IP Integrator block axis_subset_converter_0 .
INFO: [BD 41-1029] Generation completed for the IP Integrator block xlconstant_0 .
INFO: [BD 41-1029] Generation completed for the IP Integrator block v_axi4s_vid_out_0 .
INFO: [BD 41-1029] Generation completed for the IP Integrator block v_tc_0 .
INFO: [BD 41-1029] Generation completed for the IP Integrator block xlconcat_0 .
INFO: [BD 41-1029] Generation completed for the IP Integrator block axi_dynclk_0 .
INFO: [BD 41-1029] Generation completed for the IP Integrator block axi_gpio_0 .
INFO: [BD 41-1029] Generation completed for the IP Integrator block processing_system7_0_axi_periph/xbar .
INFO: [BD 41-1029] Generation completed for the IP Integrator block pwm_0 .
INFO: [BD 41-1029] Generation completed for the IP Integrator block xlconstant_2 .
INFO: [BD 41-1029] Generation completed for the IP Integrator block blk_mem_gen_0 .
INFO: [BD 41-1029] Generation completed for the IP Integrator block axi_bram_ctrl_0 .
INFO: [BD 41-1029] Generation completed for the IP Integrator block blk_mem_gen_1 .
INFO: [BD 41-1029] Generation completed for the IP Integrator block r_ram_0 .
INFO: [BD 41-1029] Generation completed for the IP Integrator block reset_0 .
INFO: [BD 41-1029] Generation completed for the IP Integrator block ad_fft_0 .
INFO: [BD 41-1029] Generation completed for the IP Integrator block fft_reset1_0 .
INFO: [IP_Flow 19-1686] Generating 'Instantiation Template' target for IP 'system_w_ram_0_1'...
INFO: [IP_Flow 19-1686] Generating 'Synthesis' target for IP 'system_w_ram_0_1'...
INFO: [IP_Flow 19-1686] Generating 'Simulation' target for IP 'system_w_ram_0_1'...
INFO: [BD 41-1029] Generation completed for the IP Integrator block w_ram_0 .
INFO: [IP_Flow 19-1686] Generating 'Instantiation Template' target for IP 'system_auto_pc_0'...
INFO: [IP_Flow 19-1686] Generating 'Synthesis' target for IP 'system_auto_pc_0'...
INFO: [IP_Flow 19-1686] Generating 'Simulation' target for IP 'system_auto_pc_0'...
INFO: [IP_Flow 19-1686] Generating 'Change Log' target for IP 'system_auto_pc_0'...
INFO: [BD 41-1029] Generation completed for the IP Integrator block axi_mem_intercon/s00_couplers/auto_pc .
INFO: [IP_Flow 19-1686] Generating 'Instantiation Template' target for IP 'system_auto_pc_1'...
INFO: [IP_Flow 19-1686] Generating 'Synthesis' target for IP 'system_auto_pc_1'...
INFO: [IP_Flow 19-1686] Generating 'Simulation' target for IP 'system_auto_pc_1'...
INFO: [IP_Flow 19-1686] Generating 'Change Log' target for IP 'system_auto_pc_1'...
INFO: [BD 41-1029] Generation completed for the IP Integrator block processing_system7_0_axi_periph/m00_couplers/auto_pc .
INFO: [IP_Flow 19-1686] Generating 'Instantiation Template' target for IP 'system_auto_pc_2'...
INFO: [IP_Flow 19-1686] Generating 'Synthesis' target for IP 'system_auto_pc_2'...
INFO: [IP_Flow 19-1686] Generating 'Simulation' target for IP 'system_auto_pc_2'...
INFO: [IP_Flow 19-1686] Generating 'Change Log' target for IP 'system_auto_pc_2'...
INFO: [BD 41-1029] Generation completed for the IP Integrator block processing_system7_0_axi_periph/m01_couplers/auto_pc .
INFO: [IP_Flow 19-1686] Generating 'Instantiation Template' target for IP 'system_auto_pc_3'...
INFO: [IP_Flow 19-1686] Generating 'Synthesis' target for IP 'system_auto_pc_3'...
INFO: [IP_Flow 19-1686] Generating 'Simulation' target for IP 'system_auto_pc_3'...
INFO: [IP_Flow 19-1686] Generating 'Change Log' target for IP 'system_auto_pc_3'...
INFO: [BD 41-1029] Generation completed for the IP Integrator block processing_system7_0_axi_periph/m02_couplers/auto_pc .
INFO: [IP_Flow 19-1686] Generating 'Instantiation Template' target for IP 'system_auto_pc_4'...
INFO: [IP_Flow 19-1686] Generating 'Synthesis' target for IP 'system_auto_pc_4'...
INFO: [IP_Flow 19-1686] Generating 'Simulation' target for IP 'system_auto_pc_4'...
INFO: [IP_Flow 19-1686] Generating 'Change Log' target for IP 'system_auto_pc_4'...
INFO: [BD 41-1029] Generation completed for the IP Integrator block processing_system7_0_axi_periph/m04_couplers/auto_pc .
INFO: [IP_Flow 19-1686] Generating 'Instantiation Template' target for IP 'system_auto_pc_5'...
INFO: [IP_Flow 19-1686] Generating 'Synthesis' target for IP 'system_auto_pc_5'...
INFO: [IP_Flow 19-1686] Generating 'Simulation' target for IP 'system_auto_pc_5'...
INFO: [IP_Flow 19-1686] Generating 'Change Log' target for IP 'system_auto_pc_5'...
INFO: [BD 41-1029] Generation completed for the IP Integrator block processing_system7_0_axi_periph/s00_couplers/auto_pc .
Exporting to file D:/FPGA/V_project/final_2/lcd7_touch.srcs/sources_1/bd/system/hw_handoff/system.hwh
Generated Block Design Tcl file D:/FPGA/V_project/final_2/lcd7_touch.srcs/sources_1/bd/system/hw_handoff/system_bd.tcl
Generated Hardware Definition File D:/FPGA/V_project/final_2/lcd7_touch.srcs/sources_1/bd/system/hdl/system.hwdef
generate_target: Time (s): cpu = 00:00:06 ; elapsed = 00:00:06 . Memory (MB): peak = 1132.496 ; gain = 62.387
export_ip_user_files -of_objects [get_files D:/FPGA/V_project/final_2/lcd7_touch.srcs/sources_1/bd/system/system.bd] -no_script -force -quiet
export_simulation -of_objects [get_files D:/FPGA/V_project/final_2/lcd7_touch.srcs/sources_1/bd/system/system.bd] -directory D:/FPGA/V_project/final_2/lcd7_touch.ip_user_files/sim_scripts -force -quiet
make_wrapper -files [get_files D:/FPGA/V_project/final_2/lcd7_touch.srcs/sources_1/bd/system/system.bd] -top
add_files -norecurse D:/FPGA/V_project/final_2/lcd7_touch.srcs/sources_1/bd/system/hdl/system_wrapper.v
update_compile_order -fileset sources_1
update_compile_order -fileset sim_1
save_bd_design
reset_run synth_1
launch_runs impl_1 -to_step write_bitstream -jobs 2
[Sun May 27 16:14:50 2018] Launched synth_1...
Run output will be captured here: D:/FPGA/V_project/final_2/lcd7_touch.runs/synth_1/runme.log
[Sun May 27 16:14:50 2018] Launched impl_1...
Run output will be captured here: D:/FPGA/V_project/final_2/lcd7_touch.runs/impl_1/runme.log
file copy -force D:/FPGA/V_project/final_2/lcd7_touch.runs/impl_1/system_wrapper.sysdef D:/FPGA/V_project/final_2/lcd7_touch.sdk/system_wrapper.hdf

launch_sdk -workspace D:/FPGA/V_project/final_2/lcd7_touch.sdk -hwspec D:/FPGA/V_project/final_2/lcd7_touch.sdk/system_wrapper.hdf
INFO: [Vivado 12-393] Launching SDK...
INFO: [Vivado 12-417] Running xsdk -workspace D:/FPGA/V_project/final_2/lcd7_touch.sdk -hwspec D:/FPGA/V_project/final_2/lcd7_touch.sdk/system_wrapper.hdf
INFO: [Vivado 12-3157] SDK launch initiated. Please check console for any further messages.
launch_sdk -workspace D:/FPGA/V_project/final_2/lcd7_touch.sdk -hwspec D:/FPGA/V_project/final_2/lcd7_touch.sdk/system_wrapper.hdf
INFO: [Vivado 12-393] Launching SDK...
INFO: [Vivado 12-417] Running xsdk -workspace D:/FPGA/V_project/final_2/lcd7_touch.sdk -hwspec D:/FPGA/V_project/final_2/lcd7_touch.sdk/system_wrapper.hdf
INFO: [Vivado 12-3157] SDK launch initiated. Please check console for any further messages.
update_ip_catalog -rebuild -scan_changes
INFO: [IP_Flow 19-234] Refreshing IP repositories
INFO: [IP_Flow 19-1700] Loaded user IP repository 'd:/FPGA/V_project/final_2/repo'.
INFO: [IP_Flow 19-1700] Loaded user IP repository 'd:/FPGA/V_project/IP/ad_fft'.
INFO: [IP_Flow 19-1700] Loaded user IP repository 'd:/FPGA/V_project/IP/reset'.
INFO: [IP_Flow 19-1700] Loaded user IP repository 'd:/FPGA/V_project/IP/r_ram'.
INFO: [IP_Flow 19-1700] Loaded user IP repository 'd:/FPGA/V_project/IP/w_ram'.
INFO: [IP_Flow 19-1700] Loaded user IP repository 'd:/FPGA/V_project/IP/fft_reset1'.
INFO: [IP_Flow 19-1700] Loaded user IP repository 'd:/FPGA/V_project/IP/pwm'.
report_ip_status -name ip_status
open_bd_design {D:/FPGA/V_project/final_2/lcd7_touch.srcs/sources_1/bd/system/system.bd}
exit
INFO: [Common 17-206] Exiting Vivado at Sun May 27 17:07:26 2018...
