#-----------------------------------------------------------
# Vivado v2015.4 (64-bit)
# SW Build 1412921 on Wed Nov 18 09:43:45 MST 2015
# IP Build 1412160 on Tue Nov 17 13:47:24 MST 2015
# Start of session at: Mon May 14 20:28:02 2018
# Process ID: 10148
# Current directory: D:/FPGA/V_project/IP/r_ram
# Command line: vivado.exe -gui_launcher_event rodinguilauncherevent1408 D:\FPGA\V_project\IP\r_ram\tmp_edit_project.xpr
# Log file: D:/FPGA/V_project/IP/r_ram/vivado.log
# Journal file: D:/FPGA/V_project/IP/r_ram\vivado.jou
#-----------------------------------------------------------
start_gui
open_project D:/FPGA/V_project/IP/r_ram/tmp_edit_project.xpr
Scanning sources...
Finished scanning sources
INFO: [IP_Flow 19-234] Refreshing IP repositories
INFO: [IP_Flow 19-1704] No user IP repositories specified
INFO: [IP_Flow 19-2313] Loaded Vivado IP repository 'C:/Xilinx/Vivado/2015.4/data/ip'.
open_project: Time (s): cpu = 00:00:17 ; elapsed = 00:00:08 . Memory (MB): peak = 718.684 ; gain = 128.488
reset_run synth_1
launch_runs synth_1 -jobs 2
INFO: [HDL 9-2216] Analyzing Verilog file "D:/FPGA/V_project/IP/r_ram/src/r_ram.v" into library work [D:/FPGA/V_project/IP/r_ram/src/r_ram.v:1]
CRITICAL WARNING: [HDL 9-806] Syntax error near "end". [D:/FPGA/V_project/IP/r_ram/src/r_ram.v:66]
[Mon May 14 20:28:40 2018] Launched synth_1...
Run output will be captured here: D:/FPGA/V_project/IP/r_ram/tmp_edit_project.runs/synth_1/runme.log
reset_run synth_1
launch_runs synth_1 -jobs 2
INFO: [HDL 9-2216] Analyzing Verilog file "D:/FPGA/V_project/IP/r_ram/src/r_ram.v" into library work [D:/FPGA/V_project/IP/r_ram/src/r_ram.v:1]
[Mon May 14 20:29:29 2018] Launched synth_1...
Run output will be captured here: D:/FPGA/V_project/IP/r_ram/tmp_edit_project.runs/synth_1/runme.log
reset_run synth_1
launch_runs synth_1 -jobs 2
INFO: [HDL 9-2216] Analyzing Verilog file "D:/FPGA/V_project/IP/r_ram/src/r_ram.v" into library work [D:/FPGA/V_project/IP/r_ram/src/r_ram.v:1]
[Mon May 14 20:30:01 2018] Launched synth_1...
Run output will be captured here: D:/FPGA/V_project/IP/r_ram/tmp_edit_project.runs/synth_1/runme.log
launch_runs impl_1 -jobs 2
[Mon May 14 20:30:29 2018] Launched impl_1...
Run output will be captured here: D:/FPGA/V_project/IP/r_ram/tmp_edit_project.runs/impl_1/runme.log
exit
INFO: [Common 17-206] Exiting Vivado at Mon May 14 20:32:12 2018...
