#-----------------------------------------------------------
# Vivado v2015.4 (64-bit)
# SW Build 1412921 on Wed Nov 18 09:43:45 MST 2015
# IP Build 1412160 on Tue Nov 17 13:47:24 MST 2015
# Start of session at: Mon Sep 17 10:05:42 2018
# Process ID: 9148
# Current directory: D:/FPGA/V_project/IP/ad_fft
# Command line: vivado.exe -gui_launcher_event rodinguilauncherevent9076 D:\FPGA\V_project\IP\ad_fft\tmp_edit_project.xpr
# Log file: D:/FPGA/V_project/IP/ad_fft/vivado.log
# Journal file: D:/FPGA/V_project/IP/ad_fft\vivado.jou
#-----------------------------------------------------------
start_gui
open_project D:/FPGA/V_project/IP/ad_fft/tmp_edit_project.xpr
Scanning sources...
Finished scanning sources
INFO: [IP_Flow 19-234] Refreshing IP repositories
INFO: [IP_Flow 19-1704] No user IP repositories specified
INFO: [IP_Flow 19-2313] Loaded Vivado IP repository 'C:/Xilinx/Vivado/2015.4/data/ip'.
open_project: Time (s): cpu = 00:00:18 ; elapsed = 00:00:10 . Memory (MB): peak = 754.289 ; gain = 137.133
exit
INFO: [Common 17-206] Exiting Vivado at Mon Sep 17 10:07:11 2018...
