#-----------------------------------------------------------
# Vivado v2015.4 (64-bit)
# SW Build 1412921 on Wed Nov 18 09:43:45 MST 2015
# IP Build 1412160 on Tue Nov 17 13:47:24 MST 2015
# Start of session at: Wed Mar 21 19:14:49 2018
# Process ID: 1852
# Current directory: G:/1.11/IP/ad_fft
# Command line: vivado.exe -gui_launcher_event rodinguilauncherevent4660 G:\1.11\IP\ad_fft\tmp_edit_project.xpr
# Log file: G:/1.11/IP/ad_fft/vivado.log
# Journal file: G:/1.11/IP/ad_fft\vivado.jou
#-----------------------------------------------------------
start_gui
open_project G:/1.11/IP/ad_fft/tmp_edit_project.xpr
INFO: [Project 1-313] Project file moved from 'D:/FPGA/V_project/IP/ad_fft' since last save.
Scanning sources...
Finished scanning sources
INFO: [IP_Flow 19-234] Refreshing IP repositories
INFO: [IP_Flow 19-1704] No user IP repositories specified
INFO: [IP_Flow 19-2313] Loaded Vivado IP repository 'C:/Xilinx/Vivado/2015.4/data/ip'.
open_project: Time (s): cpu = 00:00:16 ; elapsed = 00:00:08 . Memory (MB): peak = 761.914 ; gain = 143.453
exit
INFO: [Common 17-206] Exiting Vivado at Wed Mar 21 19:15:45 2018...
