#-----------------------------------------------------------
# Vivado v2015.4 (64-bit)
# SW Build 1412921 on Wed Nov 18 09:43:45 MST 2015
# IP Build 1412160 on Tue Nov 17 13:47:24 MST 2015
# Start of session at: Sun May 27 09:56:04 2018
# Process ID: 9096
# Current directory: D:/FPGA/V_project/IP/fft_reset1
# Command line: vivado.exe -gui_launcher_event rodinguilauncherevent9012 D:\FPGA\V_project\IP\fft_reset1\tmp_edit_project.xpr
# Log file: D:/FPGA/V_project/IP/fft_reset1/vivado.log
# Journal file: D:/FPGA/V_project/IP/fft_reset1\vivado.jou
#-----------------------------------------------------------
start_gui
open_project D:/FPGA/V_project/IP/fft_reset1/tmp_edit_project.xpr
Scanning sources...
Finished scanning sources
INFO: [IP_Flow 19-234] Refreshing IP repositories
INFO: [IP_Flow 19-1704] No user IP repositories specified
INFO: [IP_Flow 19-2313] Loaded Vivado IP repository 'C:/Xilinx/Vivado/2015.4/data/ip'.
open_project: Time (s): cpu = 00:00:19 ; elapsed = 00:00:52 . Memory (MB): peak = 725.641 ; gain = 135.684
exit
INFO: [Common 17-206] Exiting Vivado at Sun May 27 10:23:48 2018...
